<?xml version="1.0" encoding="UTF-8"?>
<coverage generated="1691220744147" clover="3.2.0">
  <project timestamp="1691220744147" name="All files">
    <metrics statements="438" coveredstatements="281" conditionals="88" coveredconditionals="34" methods="72" coveredmethods="37" elements="598" coveredelements="352" complexity="0" loc="438" ncloc="438" packages="4" files="19" classes="19"/>
    <package name="src">
      <metrics statements="37" coveredstatements="36" conditionals="4" coveredconditionals="3" methods="1" coveredmethods="0"/>
      <file name="app.ts" path="/Users/ayodejifakunle/Documents/github/findai-backend-ts-main/src/app.ts">
        <metrics statements="20" coveredstatements="19" conditionals="4" coveredconditionals="3" methods="1" coveredmethods="0"/>
        <line num="1" count="3" type="stmt"/>
        <line num="2" count="3" type="stmt"/>
        <line num="3" count="3" type="stmt"/>
        <line num="4" count="3" type="stmt"/>
        <line num="5" count="3" type="stmt"/>
        <line num="6" count="3" type="stmt"/>
        <line num="7" count="3" type="stmt"/>
        <line num="9" count="3" type="cond" truecount="3" falsecount="1"/>
        <line num="10" count="3" type="stmt"/>
        <line num="14" count="3" type="stmt"/>
        <line num="16" count="3" type="stmt"/>
        <line num="18" count="3" type="stmt"/>
        <line num="19" count="3" type="stmt"/>
        <line num="20" count="3" type="stmt"/>
        <line num="21" count="3" type="stmt"/>
        <line num="22" count="3" type="stmt"/>
        <line num="23" count="3" type="stmt"/>
        <line num="24" count="3" type="stmt"/>
        <line num="25" count="0" type="stmt"/>
        <line num="28" count="3" type="stmt"/>
      </file>
      <file name="db.ts" path="/Users/ayodejifakunle/Documents/github/findai-backend-ts-main/src/db.ts">
        <metrics statements="3" coveredstatements="3" conditionals="0" coveredconditionals="0" methods="0" coveredmethods="0"/>
        <line num="1" count="3" type="stmt"/>
        <line num="7" count="3" type="stmt"/>
        <line num="9" count="3" type="stmt"/>
      </file>
      <file name="logger.ts" path="/Users/ayodejifakunle/Documents/github/findai-backend-ts-main/src/logger.ts">
        <metrics statements="3" coveredstatements="3" conditionals="0" coveredconditionals="0" methods="0" coveredmethods="0"/>
        <line num="1" count="3" type="stmt"/>
        <line num="3" count="3" type="stmt"/>
        <line num="25" count="3" type="stmt"/>
      </file>
      <file name="router.ts" path="/Users/ayodejifakunle/Documents/github/findai-backend-ts-main/src/router.ts">
        <metrics statements="11" coveredstatements="11" conditionals="0" coveredconditionals="0" methods="0" coveredmethods="0"/>
        <line num="1" count="3" type="stmt"/>
        <line num="2" count="3" type="stmt"/>
        <line num="3" count="3" type="stmt"/>
        <line num="4" count="3" type="stmt"/>
        <line num="5" count="3" type="stmt"/>
        <line num="7" count="3" type="stmt"/>
        <line num="9" count="3" type="stmt"/>
        <line num="10" count="3" type="stmt"/>
        <line num="11" count="3" type="stmt"/>
        <line num="12" count="3" type="stmt"/>
        <line num="14" count="3" type="stmt"/>
      </file>
    </package>
    <package name="src.controllers">
      <metrics statements="257" coveredstatements="128" conditionals="49" coveredconditionals="18" methods="58" coveredmethods="26"/>
      <file name="airtable-controller.ts" path="/Users/ayodejifakunle/Documents/github/findai-backend-ts-main/src/controllers/airtable-controller.ts">
        <metrics statements="29" coveredstatements="23" conditionals="0" coveredconditionals="0" methods="6" coveredmethods="6"/>
        <line num="2" count="3" type="stmt"/>
        <line num="4" count="3" type="stmt"/>
        <line num="5" count="3" type="stmt"/>
        <line num="7" count="3" type="stmt"/>
        <line num="8" count="1" type="stmt"/>
        <line num="9" count="1" type="stmt"/>
        <line num="19" count="1" type="stmt"/>
        <line num="20" count="1" type="stmt"/>
        <line num="22" count="0" type="stmt"/>
        <line num="23" count="0" type="stmt"/>
        <line num="27" count="3" type="stmt"/>
        <line num="28" count="2" type="stmt"/>
        <line num="29" count="2" type="stmt"/>
        <line num="39" count="2" type="stmt"/>
        <line num="40" count="2" type="stmt"/>
        <line num="42" count="0" type="stmt"/>
        <line num="43" count="0" type="stmt"/>
        <line num="47" count="3" type="stmt"/>
        <line num="48" count="1" type="stmt"/>
        <line num="49" count="1" type="stmt"/>
        <line num="50" count="1" type="stmt"/>
        <line num="51" count="1" type="stmt"/>
        <line num="52" count="1" type="stmt"/>
        <line num="53" count="1" type="stmt"/>
        <line num="58" count="0" type="stmt"/>
        <line num="59" count="0" type="stmt"/>
        <line num="67" count="3" type="stmt"/>
        <line num="68" count="3" type="stmt"/>
        <line num="69" count="3" type="stmt"/>
      </file>
      <file name="tag-controller.ts" path="/Users/ayodejifakunle/Documents/github/findai-backend-ts-main/src/controllers/tag-controller.ts">
        <metrics statements="42" coveredstatements="22" conditionals="2" coveredconditionals="1" methods="12" coveredmethods="6"/>
        <line num="2" count="3" type="stmt"/>
        <line num="4" count="3" type="stmt"/>
        <line num="5" count="3" type="stmt"/>
        <line num="6" count="3" type="stmt"/>
        <line num="7" count="3" type="stmt"/>
        <line num="9" count="3" type="stmt"/>
        <line num="10" count="1" type="stmt"/>
        <line num="17" count="3" type="stmt"/>
        <line num="18" count="1" type="stmt"/>
        <line num="25" count="3" type="stmt"/>
        <line num="26" count="1" type="stmt"/>
        <line num="27" count="1" type="stmt"/>
        <line num="28" count="1" type="stmt"/>
        <line num="29" count="10" type="stmt"/>
        <line num="32" count="10" type="cond" truecount="1" falsecount="1"/>
        <line num="33" count="0" type="stmt"/>
        <line num="37" count="10" type="stmt"/>
        <line num="46" count="1" type="stmt"/>
        <line num="47" count="1" type="stmt"/>
        <line num="49" count="0" type="stmt"/>
        <line num="50" count="0" type="stmt"/>
        <line num="54" count="3" type="stmt"/>
        <line num="55" count="0" type="stmt"/>
        <line num="57" count="0" type="stmt"/>
        <line num="58" count="0" type="stmt"/>
        <line num="59" count="0" type="stmt"/>
        <line num="61" count="0" type="stmt"/>
        <line num="62" count="0" type="stmt"/>
        <line num="66" count="3" type="stmt"/>
        <line num="67" count="0" type="stmt"/>
        <line num="68" count="0" type="stmt"/>
        <line num="72" count="0" type="stmt"/>
        <line num="73" count="0" type="stmt"/>
        <line num="75" count="0" type="stmt"/>
        <line num="76" count="0" type="stmt"/>
        <line num="82" count="3" type="stmt"/>
        <line num="83" count="0" type="stmt"/>
        <line num="84" count="0" type="stmt"/>
        <line num="89" count="0" type="stmt"/>
        <line num="91" count="0" type="stmt"/>
        <line num="92" count="0" type="stmt"/>
        <line num="96" count="3" type="stmt"/>
      </file>
      <file name="tool-controller.ts" path="/Users/ayodejifakunle/Documents/github/findai-backend-ts-main/src/controllers/tool-controller.ts">
        <metrics statements="95" coveredstatements="44" conditionals="21" coveredconditionals="11" methods="24" coveredmethods="10"/>
        <line num="1" count="3" type="stmt"/>
        <line num="2" count="3" type="stmt"/>
        <line num="5" count="3" type="stmt"/>
        <line num="6" count="3" type="stmt"/>
        <line num="10" count="3" type="stmt"/>
        <line num="11" count="3" type="stmt"/>
        <line num="13" count="3" type="stmt"/>
        <line num="15" count="3" type="stmt"/>
        <line num="16" count="2" type="stmt"/>
        <line num="17" count="2" type="stmt"/>
        <line num="18" count="2" type="stmt"/>
        <line num="20" count="0" type="stmt"/>
        <line num="24" count="3" type="stmt"/>
        <line num="25" count="2" type="stmt"/>
        <line num="32" count="3" type="stmt"/>
        <line num="33" count="2" type="stmt"/>
        <line num="34" count="2" type="stmt"/>
        <line num="35" count="2" type="stmt"/>
        <line num="36" count="2" type="stmt"/>
        <line num="38" count="6" type="cond" truecount="3" falsecount="1"/>
        <line num="39" count="0" type="stmt"/>
        <line num="44" count="6" type="stmt"/>
        <line num="47" count="6" type="stmt"/>
        <line num="61" count="8" type="cond" truecount="3" falsecount="1"/>
        <line num="79" count="8" type="cond" truecount="3" falsecount="1"/>
        <line num="134" count="2" type="stmt"/>
        <line num="135" count="2" type="stmt"/>
        <line num="137" count="0" type="stmt"/>
        <line num="138" count="0" type="stmt"/>
        <line num="142" count="3" type="stmt"/>
        <line num="143" count="1" type="stmt"/>
        <line num="144" count="1" type="stmt"/>
        <line num="145" count="1" type="stmt"/>
        <line num="147" count="1" type="stmt"/>
        <line num="152" count="0" type="stmt"/>
        <line num="153" count="0" type="stmt"/>
        <line num="157" count="3" type="stmt"/>
        <line num="158" count="0" type="stmt"/>
        <line num="159" count="0" type="stmt"/>
        <line num="162" count="0" type="stmt"/>
        <line num="164" count="0" type="stmt"/>
        <line num="165" count="0" type="stmt"/>
        <line num="169" count="3" type="stmt"/>
        <line num="170" count="0" type="stmt"/>
        <line num="171" count="0" type="stmt"/>
        <line num="172" count="0" type="stmt"/>
        <line num="173" count="0" type="stmt"/>
        <line num="175" count="0" type="stmt"/>
        <line num="176" count="0" type="cond" truecount="0" falsecount="1"/>
        <line num="177" count="0" type="stmt"/>
        <line num="180" count="0" type="stmt"/>
        <line num="182" count="0" type="stmt"/>
        <line num="191" count="0" type="stmt"/>
        <line num="193" count="0" type="stmt"/>
        <line num="194" count="0" type="stmt"/>
        <line num="198" count="3" type="stmt"/>
        <line num="199" count="0" type="stmt"/>
        <line num="200" count="0" type="stmt"/>
        <line num="205" count="0" type="cond" truecount="0" falsecount="1"/>
        <line num="206" count="0" type="stmt"/>
        <line num="211" count="0" type="stmt"/>
        <line num="212" count="0" type="stmt"/>
        <line num="216" count="3" type="stmt"/>
        <line num="217" count="0" type="stmt"/>
        <line num="218" count="0" type="stmt"/>
        <line num="220" count="0" type="stmt"/>
        <line num="221" count="0" type="stmt"/>
        <line num="225" count="3" type="stmt"/>
        <line num="226" count="0" type="stmt"/>
        <line num="227" count="0" type="stmt"/>
        <line num="228" count="0" type="cond" truecount="0" falsecount="1"/>
        <line num="229" count="0" type="stmt"/>
        <line num="234" count="0" type="stmt"/>
        <line num="235" count="0" type="stmt"/>
        <line num="245" count="0" type="stmt"/>
        <line num="249" count="0" type="stmt"/>
        <line num="250" count="0" type="stmt"/>
        <line num="256" count="3" type="stmt"/>
        <line num="257" count="0" type="stmt"/>
        <line num="258" count="0" type="stmt"/>
        <line num="259" count="0" type="cond" truecount="0" falsecount="1"/>
        <line num="260" count="0" type="stmt"/>
        <line num="264" count="0" type="stmt"/>
        <line num="265" count="0" type="stmt"/>
        <line num="275" count="0" type="stmt"/>
        <line num="277" count="0" type="stmt"/>
        <line num="278" count="0" type="stmt"/>
        <line num="285" count="3" type="stmt"/>
        <line num="286" count="3" type="stmt"/>
        <line num="287" count="3" type="stmt"/>
        <line num="288" count="3" type="stmt"/>
        <line num="289" count="3" type="stmt"/>
        <line num="290" count="3" type="stmt"/>
        <line num="291" count="3" type="stmt"/>
        <line num="292" count="3" type="stmt"/>
      </file>
      <file name="user-controller.ts" path="/Users/ayodejifakunle/Documents/github/findai-backend-ts-main/src/controllers/user-controller.ts">
        <metrics statements="91" coveredstatements="39" conditionals="26" coveredconditionals="6" methods="16" coveredmethods="4"/>
        <line num="2" count="3" type="stmt"/>
        <line num="3" count="3" type="stmt"/>
        <line num="4" count="3" type="stmt"/>
        <line num="5" count="3" type="stmt"/>
        <line num="6" count="3" type="stmt"/>
        <line num="7" count="3" type="stmt"/>
        <line num="8" count="3" type="stmt"/>
        <line num="10" count="3" type="stmt"/>
        <line num="11" count="0" type="stmt"/>
        <line num="12" count="0" type="stmt"/>
        <line num="15" count="0" type="cond" truecount="0" falsecount="1"/>
        <line num="16" count="0" type="stmt"/>
        <line num="20" count="0" type="stmt"/>
        <line num="21" count="0" type="stmt"/>
        <line num="26" count="0" type="stmt"/>
        <line num="27" count="0" type="stmt"/>
        <line num="31" count="3" type="stmt"/>
        <line num="32" count="0" type="stmt"/>
        <line num="33" count="0" type="stmt"/>
        <line num="34" count="0" type="stmt"/>
        <line num="36" count="0" type="stmt"/>
        <line num="37" count="0" type="stmt"/>
        <line num="43" count="3" type="stmt"/>
        <line num="44" count="2" type="stmt"/>
        <line num="45" count="2" type="stmt"/>
        <line num="46" count="2" type="stmt"/>
        <line num="48" count="2" type="stmt"/>
        <line num="49" count="2" type="stmt"/>
        <line num="61" count="1" type="stmt"/>
        <line num="67" count="1" type="cond" truecount="1" falsecount="0"/>
        <line num="71" count="1" type="stmt"/>
        <line num="73" count="0" type="stmt"/>
        <line num="74" count="0" type="cond" truecount="0" falsecount="1"/>
        <line num="75" count="0" type="stmt"/>
        <line num="81" count="3" type="stmt"/>
        <line num="82" count="2" type="stmt"/>
        <line num="83" count="2" type="stmt"/>
        <line num="86" count="2" type="stmt"/>
        <line num="87" count="2" type="cond" truecount="2" falsecount="1"/>
        <line num="88" count="0" type="stmt"/>
        <line num="92" count="2" type="stmt"/>
        <line num="96" count="2" type="cond" truecount="1" falsecount="1"/>
        <line num="97" count="2" type="stmt"/>
        <line num="107" count="2" type="stmt"/>
        <line num="109" count="0" type="stmt"/>
        <line num="112" count="0" type="stmt"/>
        <line num="113" count="0" type="stmt"/>
        <line num="114" count="0" type="stmt"/>
        <line num="118" count="3" type="stmt"/>
        <line num="119" count="0" type="stmt"/>
        <line num="120" count="0" type="stmt"/>
        <line num="121" count="0" type="cond" truecount="0" falsecount="3"/>
        <line num="122" count="0" type="stmt"/>
        <line num="126" count="0" type="cond" truecount="0" falsecount="1"/>
        <line num="127" count="0" type="stmt"/>
        <line num="132" count="0" type="stmt"/>
        <line num="134" count="0" type="stmt"/>
        <line num="138" count="3" type="stmt"/>
        <line num="139" count="0" type="stmt"/>
        <line num="140" count="0" type="stmt"/>
        <line num="141" count="0" type="stmt"/>
        <line num="143" count="0" type="stmt"/>
        <line num="144" count="0" type="stmt"/>
        <line num="148" count="3" type="stmt"/>
        <line num="149" count="0" type="stmt"/>
        <line num="150" count="0" type="stmt"/>
        <line num="151" count="0" type="stmt"/>
        <line num="155" count="0" type="cond" truecount="0" falsecount="1"/>
        <line num="156" count="0" type="cond" truecount="0" falsecount="1"/>
        <line num="157" count="0" type="stmt"/>
        <line num="160" count="0" type="stmt"/>
        <line num="161" count="0" type="stmt"/>
        <line num="167" count="3" type="stmt"/>
        <line num="168" count="0" type="stmt"/>
        <line num="169" count="0" type="cond" truecount="0" falsecount="3"/>
        <line num="170" count="0" type="stmt"/>
        <line num="175" count="0" type="stmt"/>
        <line num="187" count="0" type="cond" truecount="0" falsecount="1"/>
        <line num="188" count="0" type="stmt"/>
        <line num="190" count="0" type="stmt"/>
        <line num="191" count="0" type="stmt"/>
        <line num="193" count="0" type="stmt"/>
        <line num="194" count="0" type="stmt"/>
        <line num="201" count="3" type="stmt"/>
        <line num="202" count="3" type="stmt"/>
        <line num="203" count="3" type="stmt"/>
        <line num="204" count="3" type="stmt"/>
        <line num="205" count="3" type="stmt"/>
        <line num="206" count="3" type="stmt"/>
        <line num="207" count="3" type="stmt"/>
        <line num="208" count="3" type="stmt"/>
      </file>
    </package>
    <package name="src.helpers">
      <metrics statements="96" coveredstatements="69" conditionals="35" coveredconditionals="13" methods="13" coveredmethods="11"/>
      <file name="authentication.ts" path="/Users/ayodejifakunle/Documents/github/findai-backend-ts-main/src/helpers/authentication.ts">
        <metrics statements="25" coveredstatements="19" conditionals="8" coveredconditionals="2" methods="2" coveredmethods="2"/>
        <line num="1" count="3" type="stmt"/>
        <line num="4" count="3" type="stmt"/>
        <line num="5" count="3" type="stmt"/>
        <line num="7" count="3" type="stmt"/>
        <line num="9" count="3" type="stmt"/>
        <line num="13" count="4" type="stmt"/>
        <line num="14" count="4" type="cond" truecount="0" falsecount="1"/>
        <line num="15" count="0" type="stmt"/>
        <line num="18" count="4" type="cond" truecount="2" falsecount="2"/>
        <line num="19" count="0" type="stmt"/>
        <line num="21" count="4" type="stmt"/>
        <line num="23" count="4" type="stmt"/>
        <line num="24" count="4" type="stmt"/>
        <line num="28" count="2" type="cond" truecount="0" falsecount="1"/>
        <line num="29" count="0" type="stmt"/>
        <line num="30" count="0" type="stmt"/>
        <line num="34" count="2" type="stmt"/>
        <line num="37" count="2" type="cond" truecount="0" falsecount="1"/>
        <line num="38" count="0" type="stmt"/>
        <line num="43" count="2" type="cond" truecount="0" falsecount="1"/>
        <line num="44" count="0" type="stmt"/>
        <line num="49" count="2" type="stmt"/>
        <line num="50" count="2" type="stmt"/>
        <line num="52" count="2" type="stmt"/>
        <line num="59" count="3" type="stmt"/>
      </file>
      <file name="authorization.ts" path="/Users/ayodejifakunle/Documents/github/findai-backend-ts-main/src/helpers/authorization.ts">
        <metrics statements="7" coveredstatements="6" conditionals="2" coveredconditionals="1" methods="3" coveredmethods="3"/>
        <line num="5" count="3" type="stmt"/>
        <line num="11" count="12" type="stmt"/>
        <line num="12" count="2" type="stmt"/>
        <line num="13" count="2" type="cond" truecount="1" falsecount="1"/>
        <line num="14" count="2" type="stmt"/>
        <line num="16" count="0" type="stmt"/>
        <line num="22" count="3" type="stmt"/>
      </file>
      <file name="conversion.ts" path="/Users/ayodejifakunle/Documents/github/findai-backend-ts-main/src/helpers/conversion.ts">
        <metrics statements="17" coveredstatements="3" conditionals="10" coveredconditionals="0" methods="2" coveredmethods="0"/>
        <line num="3" count="3" type="stmt"/>
        <line num="11" count="0" type="stmt"/>
        <line num="12" count="0" type="cond" truecount="0" falsecount="2"/>
        <line num="13" count="0" type="stmt"/>
        <line num="14" count="0" type="cond" truecount="0" falsecount="2"/>
        <line num="15" count="0" type="stmt"/>
        <line num="17" count="0" type="stmt"/>
        <line num="19" count="0" type="stmt"/>
        <line num="22" count="3" type="stmt"/>
        <line num="25" count="0" type="cond" truecount="0" falsecount="2"/>
        <line num="26" count="0" type="stmt"/>
        <line num="27" count="0" type="cond" truecount="0" falsecount="2"/>
        <line num="28" count="0" type="stmt"/>
        <line num="33" count="0" type="cond" truecount="0" falsecount="2"/>
        <line num="34" count="0" type="stmt"/>
        <line num="40" count="0" type="stmt"/>
        <line num="44" count="3" type="stmt"/>
      </file>
      <file name="email.ts" path="/Users/ayodejifakunle/Documents/github/findai-backend-ts-main/src/helpers/email.ts">
        <metrics statements="8" coveredstatements="7" conditionals="0" coveredconditionals="0" methods="2" coveredmethods="2"/>
        <line num="1" count="3" type="stmt"/>
        <line num="2" count="3" type="stmt"/>
        <line num="11" count="3" type="stmt"/>
        <line num="12" count="2" type="stmt"/>
        <line num="13" count="2" type="stmt"/>
        <line num="18" count="2" type="stmt"/>
        <line num="26" count="0" type="stmt"/>
        <line num="32" count="3" type="stmt"/>
      </file>
      <file name="scraping.ts" path="/Users/ayodejifakunle/Documents/github/findai-backend-ts-main/src/helpers/scraping.ts">
        <metrics statements="19" coveredstatements="16" conditionals="14" coveredconditionals="9" methods="2" coveredmethods="2"/>
        <line num="1" count="3" type="stmt"/>
        <line num="2" count="3" type="stmt"/>
        <line num="11" count="6" type="stmt"/>
        <line num="12" count="6" type="stmt"/>
        <line num="13" count="6" type="stmt"/>
        <line num="14" count="6" type="stmt"/>
        <line num="15" count="6" type="stmt"/>
        <line num="17" count="6" type="stmt"/>
        <line num="20" count="6" type="cond" truecount="2" falsecount="0"/>
        <line num="24" count="6" type="cond" truecount="2" falsecount="0"/>
        <line num="27" count="6" type="cond" truecount="1" falsecount="2"/>
        <line num="28" count="0" type="cond" truecount="0" falsecount="2"/>
        <line num="31" count="6" type="stmt"/>
        <line num="33" count="6" type="cond" truecount="3" falsecount="0"/>
        <line num="34" count="2" type="cond" truecount="1" falsecount="1"/>
        <line num="37" count="6" type="stmt"/>
        <line num="44" count="0" type="stmt"/>
        <line num="45" count="0" type="stmt"/>
        <line num="49" count="3" type="stmt"/>
      </file>
      <file name="validation.ts" path="/Users/ayodejifakunle/Documents/github/findai-backend-ts-main/src/helpers/validation.ts">
        <metrics statements="12" coveredstatements="10" conditionals="1" coveredconditionals="1" methods="2" coveredmethods="2"/>
        <line num="1" count="3" type="stmt"/>
        <line num="3" count="3" type="stmt"/>
        <line num="5" count="3" type="stmt"/>
        <line num="6" count="15" type="stmt"/>
        <line num="7" count="5" type="stmt"/>
        <line num="8" count="5" type="stmt"/>
        <line num="9" count="4" type="stmt"/>
        <line num="11" count="1" type="cond" truecount="1" falsecount="0"/>
        <line num="12" count="1" type="stmt"/>
        <line num="14" count="0" type="stmt"/>
        <line num="15" count="0" type="stmt"/>
        <line num="21" count="3" type="stmt"/>
      </file>
      <file name="validator-schemas.ts" path="/Users/ayodejifakunle/Documents/github/findai-backend-ts-main/src/helpers/validator-schemas.ts">
        <metrics statements="8" coveredstatements="8" conditionals="0" coveredconditionals="0" methods="0" coveredmethods="0"/>
        <line num="1" count="3" type="stmt"/>
        <line num="3" count="3" type="stmt"/>
        <line num="7" count="3" type="stmt"/>
        <line num="12" count="3" type="stmt"/>
        <line num="20" count="3" type="stmt"/>
        <line num="28" count="3" type="stmt"/>
        <line num="33" count="3" type="stmt"/>
        <line num="37" count="3" type="stmt"/>
      </file>
    </package>
    <package name="src.routes">
      <metrics statements="48" coveredstatements="48" conditionals="0" coveredconditionals="0" methods="0" coveredmethods="0"/>
      <file name="airtable.ts" path="/Users/ayodejifakunle/Documents/github/findai-backend-ts-main/src/routes/airtable.ts">
        <metrics statements="8" coveredstatements="8" conditionals="0" coveredconditionals="0" methods="0" coveredmethods="0"/>
        <line num="1" count="3" type="stmt"/>
        <line num="2" count="3" type="stmt"/>
        <line num="3" count="3" type="stmt"/>
        <line num="4" count="3" type="stmt"/>
        <line num="5" count="3" type="stmt"/>
        <line num="7" count="3" type="stmt"/>
        <line num="9" count="3" type="stmt"/>
        <line num="13" count="3" type="stmt"/>
      </file>
      <file name="tag.ts" path="/Users/ayodejifakunle/Documents/github/findai-backend-ts-main/src/routes/tag.ts">
        <metrics statements="7" coveredstatements="7" conditionals="0" coveredconditionals="0" methods="0" coveredmethods="0"/>
        <line num="1" count="3" type="stmt"/>
        <line num="2" count="3" type="stmt"/>
        <line num="8" count="3" type="stmt"/>
        <line num="10" count="3" type="stmt"/>
        <line num="11" count="3" type="stmt"/>
        <line num="12" count="3" type="stmt"/>
        <line num="14" count="3" type="stmt"/>
      </file>
      <file name="tool.ts" path="/Users/ayodejifakunle/Documents/github/findai-backend-ts-main/src/routes/tool.ts">
        <metrics statements="16" coveredstatements="16" conditionals="0" coveredconditionals="0" methods="0" coveredmethods="0"/>
        <line num="1" count="3" type="stmt"/>
        <line num="2" count="3" type="stmt"/>
        <line num="11" count="3" type="stmt"/>
        <line num="12" count="3" type="stmt"/>
        <line num="13" count="3" type="stmt"/>
        <line num="14" count="3" type="stmt"/>
        <line num="15" count="3" type="stmt"/>
        <line num="17" count="3" type="stmt"/>
        <line num="19" count="3" type="stmt"/>
        <line num="20" count="3" type="stmt"/>
        <line num="21" count="3" type="stmt"/>
        <line num="22" count="3" type="stmt"/>
        <line num="23" count="3" type="stmt"/>
        <line num="24" count="3" type="stmt"/>
        <line num="25" count="3" type="stmt"/>
        <line num="27" count="3" type="stmt"/>
      </file>
      <file name="user.ts" path="/Users/ayodejifakunle/Documents/github/findai-backend-ts-main/src/routes/user.ts">
        <metrics statements="17" coveredstatements="17" conditionals="0" coveredconditionals="0" methods="0" coveredmethods="0"/>
        <line num="1" count="3" type="stmt"/>
        <line num="2" count="3" type="stmt"/>
        <line num="12" count="3" type="stmt"/>
        <line num="13" count="3" type="stmt"/>
        <line num="14" count="3" type="stmt"/>
        <line num="15" count="3" type="stmt"/>
        <line num="16" count="3" type="stmt"/>
        <line num="18" count="3" type="stmt"/>
        <line num="20" count="3" type="stmt"/>
        <line num="21" count="3" type="stmt"/>
        <line num="22" count="3" type="stmt"/>
        <line num="23" count="3" type="stmt"/>
        <line num="24" count="3" type="stmt"/>
        <line num="25" count="3" type="stmt"/>
        <line num="26" count="3" type="stmt"/>
        <line num="27" count="3" type="stmt"/>
        <line num="28" count="3" type="stmt"/>
      </file>
    </package>
  </project>
</coverage>
