{"/Users/ayodejifakunle/Documents/github/findai-backend-ts-main/src/app.ts": {"path":"/Users/ayodejifakunle/Documents/github/findai-backend-ts-main/src/app.ts","statementMap":{"0":{"start":{"line":1,"column":0},"end":{"line":1,"column":33}},"1":{"start":{"line":2,"column":0},"end":{"line":2,"column":16}},"2":{"start":{"line":3,"column":0},"end":{"line":3,"column":24}},"3":{"start":{"line":4,"column":0},"end":{"line":4,"column":30}},"4":{"start":{"line":5,"column":0},"end":{"line":5,"column":28}},"5":{"start":{"line":6,"column":0},"end":{"line":6,"column":27}},"6":{"start":{"line":7,"column":0},"end":{"line":7,"column":41}},"7":{"start":{"line":9,"column":33},"end":{"line":9,"column":65}},"8":{"start":{"line":10,"column":38},"end":{"line":12,"column":2}},"9":{"start":{"line":14,"column":33},"end":{"line":14,"column":42}},"10":{"start":{"line":16,"column":0},"end":{"line":16,"column":29}},"11":{"start":{"line":18,"column":0},"end":{"line":18,"column":39}},"12":{"start":{"line":19,"column":0},"end":{"line":19,"column":27}},"13":{"start":{"line":20,"column":0},"end":{"line":20,"column":23}},"14":{"start":{"line":21,"column":0},"end":{"line":21,"column":24}},"15":{"start":{"line":22,"column":0},"end":{"line":22,"column":22}},"16":{"start":{"line":23,"column":0},"end":{"line":23,"column":24}},"17":{"start":{"line":24,"column":0},"end":{"line":26,"column":3}},"18":{"start":{"line":25,"column":2},"end":{"line":25,"column":22}},"19":{"start":{"line":28,"column":0},"end":{"line":28,"column":19}}},"fnMap":{"0":{"name":"(anonymous_7)","decl":{"start":{"line":24,"column":13},"end":{"line":24,"column":14}},"loc":{"start":{"line":24,"column":26},"end":{"line":26,"column":1}}}},"branchMap":{"0":{"loc":{"start":{"line":9,"column":34},"end":{"line":9,"column":64}},"type":"cond-expr","locations":[{"start":{"line":9,"column":57},"end":{"line":9,"column":61}},{"start":{"line":9,"column":61},"end":{"line":9,"column":64}}]},"1":{"loc":{"start":{"line":9,"column":34},"end":{"line":9,"column":61}},"type":"binary-expr","locations":[{"start":{"line":9,"column":34},"end":{"line":9,"column":61}},{"start":{"line":9,"column":57},"end":{"line":9,"column":61}}]}},"s":{"0":2,"1":2,"2":2,"3":2,"4":2,"5":2,"6":2,"7":2,"8":2,"9":2,"10":2,"11":2,"12":2,"13":2,"14":2,"15":2,"16":2,"17":2,"18":0,"19":2},"f":{"0":0},"b":{"0":[0,2],"1":[2,2]}}
,"/Users/ayodejifakunle/Documents/github/findai-backend-ts-main/src/db.ts": {"path":"/Users/ayodejifakunle/Documents/github/findai-backend-ts-main/src/db.ts","statementMap":{"0":{"start":{"line":1,"column":0},"end":{"line":1,"column":46}},"1":{"start":{"line":7,"column":29},"end":{"line":7,"column":47}},"2":{"start":{"line":9,"column":0},"end":{"line":9,"column":22}}},"fnMap":{},"branchMap":{},"s":{"0":2,"1":2,"2":2},"f":{},"b":{}}
,"/Users/ayodejifakunle/Documents/github/findai-backend-ts-main/src/logger.ts": {"path":"/Users/ayodejifakunle/Documents/github/findai-backend-ts-main/src/logger.ts","statementMap":{"0":{"start":{"line":1,"column":0},"end":{"line":1,"column":24}},"1":{"start":{"line":3,"column":15},"end":{"line":23,"column":2}},"2":{"start":{"line":25,"column":0},"end":{"line":25,"column":22}}},"fnMap":{},"branchMap":{},"s":{"0":2,"1":2,"2":2},"f":{},"b":{}}
,"/Users/ayodejifakunle/Documents/github/findai-backend-ts-main/src/router.ts": {"path":"/Users/ayodejifakunle/Documents/github/findai-backend-ts-main/src/router.ts","statementMap":{"0":{"start":{"line":1,"column":0},"end":{"line":1,"column":30}},"1":{"start":{"line":2,"column":0},"end":{"line":2,"column":39}},"2":{"start":{"line":3,"column":0},"end":{"line":3,"column":39}},"3":{"start":{"line":4,"column":0},"end":{"line":4,"column":37}},"4":{"start":{"line":5,"column":0},"end":{"line":5,"column":47}},"5":{"start":{"line":7,"column":12},"end":{"line":7,"column":28}},"6":{"start":{"line":9,"column":0},"end":{"line":9,"column":30}},"7":{"start":{"line":10,"column":0},"end":{"line":10,"column":29}},"8":{"start":{"line":11,"column":0},"end":{"line":11,"column":27}},"9":{"start":{"line":12,"column":0},"end":{"line":12,"column":37}},"10":{"start":{"line":14,"column":0},"end":{"line":14,"column":19}}},"fnMap":{},"branchMap":{},"s":{"0":2,"1":2,"2":2,"3":2,"4":2,"5":2,"6":2,"7":2,"8":2,"9":2,"10":2},"f":{},"b":{}}
,"/Users/ayodejifakunle/Documents/github/findai-backend-ts-main/src/controllers/airtable-controller.ts": {"path":"/Users/ayodejifakunle/Documents/github/findai-backend-ts-main/src/controllers/airtable-controller.ts","statementMap":{"0":{"start":{"line":2,"column":0},"end":{"line":2,"column":31}},"1":{"start":{"line":4,"column":0},"end":{"line":4,"column":42}},"2":{"start":{"line":5,"column":0},"end":{"line":5,"column":44}},"3":{"start":{"line":7,"column":30},"end":{"line":25,"column":2}},"4":{"start":{"line":7,"column":65},"end":{"line":25,"column":2}},"5":{"start":{"line":8,"column":2},"end":{"line":24,"column":null}},"6":{"start":{"line":9,"column":21},"end":{"line":17,"column":null}},"7":{"start":{"line":19,"column":19},"end":{"line":19,"column":52}},"8":{"start":{"line":20,"column":4},"end":{"line":20,"column":26}},"9":{"start":{"line":22,"column":4},"end":{"line":22,"column":24}},"10":{"start":{"line":23,"column":4},"end":{"line":23,"column":56}},"11":{"start":{"line":67,"column":2},"end":{"line":67,"column":23}},"12":{"start":{"line":27,"column":31},"end":{"line":45,"column":2}},"13":{"start":{"line":27,"column":67},"end":{"line":45,"column":2}},"14":{"start":{"line":28,"column":2},"end":{"line":44,"column":null}},"15":{"start":{"line":29,"column":21},"end":{"line":37,"column":null}},"16":{"start":{"line":39,"column":19},"end":{"line":39,"column":52}},"17":{"start":{"line":40,"column":4},"end":{"line":40,"column":26}},"18":{"start":{"line":42,"column":4},"end":{"line":42,"column":24}},"19":{"start":{"line":43,"column":4},"end":{"line":43,"column":56}},"20":{"start":{"line":68,"column":2},"end":{"line":68,"column":24}},"21":{"start":{"line":47,"column":37},"end":{"line":64,"column":2}},"22":{"start":{"line":47,"column":75},"end":{"line":64,"column":2}},"23":{"start":{"line":48,"column":2},"end":{"line":63,"column":null}},"24":{"start":{"line":49,"column":32},"end":{"line":49,"column":61}},"25":{"start":{"line":50,"column":4},"end":{"line":50,"column":25}},"26":{"start":{"line":51,"column":34},"end":{"line":51,"column":64}},"27":{"start":{"line":52,"column":27},"end":{"line":52,"column":49}},"28":{"start":{"line":53,"column":4},"end":{"line":56,"column":7}},"29":{"start":{"line":58,"column":4},"end":{"line":58,"column":24}},"30":{"start":{"line":59,"column":4},"end":{"line":62,"column":7}},"31":{"start":{"line":69,"column":2},"end":{"line":69,"column":30}}},"fnMap":{"0":{"name":"(anonymous_8)","decl":{"start":{"line":7,"column":30},"end":{"line":7,"column":63}},"loc":{"start":{"line":7,"column":65},"end":{"line":25,"column":2}}},"1":{"name":"(anonymous_9)","decl":{"start":{"line":7,"column":65},"end":{"line":7,"column":null}},"loc":{"start":{"line":7,"column":65},"end":{"line":25,"column":1}}},"2":{"name":"(anonymous_10)","decl":{"start":{"line":27,"column":31},"end":{"line":27,"column":65}},"loc":{"start":{"line":27,"column":67},"end":{"line":45,"column":2}}},"3":{"name":"(anonymous_11)","decl":{"start":{"line":27,"column":67},"end":{"line":27,"column":null}},"loc":{"start":{"line":27,"column":67},"end":{"line":45,"column":1}}},"4":{"name":"(anonymous_12)","decl":{"start":{"line":47,"column":37},"end":{"line":47,"column":44}},"loc":{"start":{"line":47,"column":75},"end":{"line":64,"column":2}}},"5":{"name":"(anonymous_13)","decl":{"start":{"line":47,"column":75},"end":{"line":47,"column":null}},"loc":{"start":{"line":47,"column":75},"end":{"line":64,"column":1}}}},"branchMap":{},"s":{"0":2,"1":2,"2":2,"3":2,"4":0,"5":0,"6":0,"7":0,"8":0,"9":0,"10":0,"11":2,"12":2,"13":1,"14":1,"15":1,"16":1,"17":1,"18":0,"19":0,"20":2,"21":2,"22":0,"23":0,"24":0,"25":0,"26":0,"27":0,"28":0,"29":0,"30":0,"31":2},"f":{"0":0,"1":0,"2":1,"3":1,"4":0,"5":0},"b":{}}
,"/Users/ayodejifakunle/Documents/github/findai-backend-ts-main/src/controllers/tag-controller.ts": {"path":"/Users/ayodejifakunle/Documents/github/findai-backend-ts-main/src/controllers/tag-controller.ts","statementMap":{"0":{"start":{"line":2,"column":0},"end":{"line":2,"column":33}},"1":{"start":{"line":4,"column":0},"end":{"line":4,"column":27}},"2":{"start":{"line":5,"column":0},"end":{"line":5,"column":31}},"3":{"start":{"line":6,"column":0},"end":{"line":6,"column":62}},"4":{"start":{"line":7,"column":0},"end":{"line":7,"column":16}},"5":{"start":{"line":9,"column":22},"end":{"line":15,"column":2}},"6":{"start":{"line":9,"column":33},"end":{"line":15,"column":2}},"7":{"start":{"line":10,"column":2},"end":{"line":14,"column":5}},"8":{"start":{"line":17,"column":27},"end":{"line":23,"column":2}},"9":{"start":{"line":17,"column":38},"end":{"line":23,"column":2}},"10":{"start":{"line":18,"column":2},"end":{"line":22,"column":5}},"11":{"start":{"line":25,"column":17},"end":{"line":52,"column":2}},"12":{"start":{"line":25,"column":47},"end":{"line":52,"column":2}},"13":{"start":{"line":26,"column":2},"end":{"line":51,"column":null}},"14":{"start":{"line":27,"column":4},"end":{"line":27,"column":26}},"15":{"start":{"line":28,"column":4},"end":{"line":45,"column":null}},"16":{"start":{"line":29,"column":36},"end":{"line":31,"column":8}},"17":{"start":{"line":32,"column":6},"end":{"line":44,"column":null}},"18":{"start":{"line":33,"column":8},"end":{"line":35,"column":11}},"19":{"start":{"line":37,"column":8},"end":{"line":43,"column":11}},"20":{"start":{"line":46,"column":4},"end":{"line":46,"column":31}},"21":{"start":{"line":47,"column":4},"end":{"line":47,"column":11}},"22":{"start":{"line":49,"column":4},"end":{"line":49,"column":25}},"23":{"start":{"line":50,"column":4},"end":{"line":50,"column":42}},"24":{"start":{"line":96,"column":9},"end":{"line":96,"column":17}},"25":{"start":{"line":54,"column":29},"end":{"line":64,"column":2}},"26":{"start":{"line":54,"column":67},"end":{"line":64,"column":2}},"27":{"start":{"line":55,"column":2},"end":{"line":63,"column":null}},"28":{"start":{"line":57,"column":32},"end":{"line":57,"column":61}},"29":{"start":{"line":58,"column":4},"end":{"line":58,"column":25}},"30":{"start":{"line":59,"column":4},"end":{"line":59,"column":73}},"31":{"start":{"line":61,"column":4},"end":{"line":61,"column":24}},"32":{"start":{"line":62,"column":4},"end":{"line":62,"column":67}},"33":{"start":{"line":96,"column":19},"end":{"line":96,"column":39}},"34":{"start":{"line":66,"column":15},"end":{"line":80,"column":2}},"35":{"start":{"line":66,"column":53},"end":{"line":80,"column":2}},"36":{"start":{"line":67,"column":2},"end":{"line":79,"column":null}},"37":{"start":{"line":68,"column":16},"end":{"line":71,"column":6}},"38":{"start":{"line":72,"column":4},"end":{"line":72,"column":21}},"39":{"start":{"line":73,"column":4},"end":{"line":73,"column":41}},"40":{"start":{"line":75,"column":4},"end":{"line":75,"column":24}},"41":{"start":{"line":76,"column":4},"end":{"line":78,"column":78}},"42":{"start":{"line":96,"column":41},"end":{"line":96,"column":47}},"43":{"start":{"line":82,"column":19},"end":{"line":94,"column":2}},"44":{"start":{"line":82,"column":57},"end":{"line":94,"column":2}},"45":{"start":{"line":83,"column":2},"end":{"line":93,"column":null}},"46":{"start":{"line":84,"column":17},"end":{"line":88,"column":6}},"47":{"start":{"line":89,"column":4},"end":{"line":89,"column":42}},"48":{"start":{"line":91,"column":4},"end":{"line":91,"column":24}},"49":{"start":{"line":92,"column":4},"end":{"line":92,"column":70}},"50":{"start":{"line":96,"column":49},"end":{"line":96,"column":59}}},"fnMap":{"0":{"name":"(anonymous_14)","decl":{"start":{"line":9,"column":22},"end":{"line":9,"column":31}},"loc":{"start":{"line":9,"column":33},"end":{"line":15,"column":2}}},"1":{"name":"(anonymous_15)","decl":{"start":{"line":9,"column":33},"end":{"line":9,"column":null}},"loc":{"start":{"line":9,"column":33},"end":{"line":15,"column":1}}},"2":{"name":"(anonymous_16)","decl":{"start":{"line":17,"column":27},"end":{"line":17,"column":36}},"loc":{"start":{"line":17,"column":38},"end":{"line":23,"column":2}}},"3":{"name":"(anonymous_17)","decl":{"start":{"line":17,"column":38},"end":{"line":17,"column":null}},"loc":{"start":{"line":17,"column":38},"end":{"line":23,"column":1}}},"4":{"name":"(anonymous_18)","decl":{"start":{"line":25,"column":17},"end":{"line":25,"column":24}},"loc":{"start":{"line":25,"column":47},"end":{"line":52,"column":2}}},"5":{"name":"(anonymous_19)","decl":{"start":{"line":25,"column":47},"end":{"line":25,"column":null}},"loc":{"start":{"line":25,"column":47},"end":{"line":52,"column":1}}},"6":{"name":"(anonymous_20)","decl":{"start":{"line":54,"column":29},"end":{"line":54,"column":36}},"loc":{"start":{"line":54,"column":67},"end":{"line":64,"column":2}}},"7":{"name":"(anonymous_21)","decl":{"start":{"line":54,"column":67},"end":{"line":54,"column":null}},"loc":{"start":{"line":54,"column":67},"end":{"line":64,"column":1}}},"8":{"name":"(anonymous_22)","decl":{"start":{"line":66,"column":15},"end":{"line":66,"column":22}},"loc":{"start":{"line":66,"column":53},"end":{"line":80,"column":2}}},"9":{"name":"(anonymous_23)","decl":{"start":{"line":66,"column":53},"end":{"line":66,"column":null}},"loc":{"start":{"line":66,"column":53},"end":{"line":80,"column":1}}},"10":{"name":"(anonymous_24)","decl":{"start":{"line":82,"column":19},"end":{"line":82,"column":26}},"loc":{"start":{"line":82,"column":57},"end":{"line":94,"column":2}}},"11":{"name":"(anonymous_25)","decl":{"start":{"line":82,"column":57},"end":{"line":82,"column":null}},"loc":{"start":{"line":82,"column":57},"end":{"line":94,"column":1}}}},"branchMap":{"0":{"loc":{"start":{"line":32,"column":6},"end":{"line":44,"column":null}},"type":"if","locations":[{"start":{"line":32,"column":6},"end":{"line":44,"column":null}},{"start":{"line":36,"column":13},"end":{"line":44,"column":null}}]}},"s":{"0":2,"1":2,"2":2,"3":2,"4":2,"5":2,"6":0,"7":0,"8":2,"9":0,"10":0,"11":2,"12":0,"13":0,"14":0,"15":0,"16":0,"17":0,"18":0,"19":0,"20":0,"21":0,"22":0,"23":0,"24":2,"25":2,"26":0,"27":0,"28":0,"29":0,"30":0,"31":0,"32":0,"33":2,"34":2,"35":0,"36":0,"37":0,"38":0,"39":0,"40":0,"41":0,"42":2,"43":2,"44":0,"45":0,"46":0,"47":0,"48":0,"49":0,"50":2},"f":{"0":0,"1":0,"2":0,"3":0,"4":0,"5":0,"6":0,"7":0,"8":0,"9":0,"10":0,"11":0},"b":{"0":[0,0]}}
,"/Users/ayodejifakunle/Documents/github/findai-backend-ts-main/src/controllers/tool-controller.ts": {"path":"/Users/ayodejifakunle/Documents/github/findai-backend-ts-main/src/controllers/tool-controller.ts","statementMap":{"0":{"start":{"line":1,"column":0},"end":{"line":1,"column":27}},"1":{"start":{"line":2,"column":0},"end":{"line":2,"column":33}},"2":{"start":{"line":5,"column":0},"end":{"line":5,"column":64}},"3":{"start":{"line":6,"column":0},"end":{"line":6,"column":null}},"4":{"start":{"line":10,"column":0},"end":{"line":10,"column":31}},"5":{"start":{"line":11,"column":0},"end":{"line":11,"column":61}},"6":{"start":{"line":13,"column":0},"end":{"line":13,"column":16}},"7":{"start":{"line":15,"column":20},"end":{"line":22,"column":2}},"8":{"start":{"line":15,"column":31},"end":{"line":22,"column":2}},"9":{"start":{"line":16,"column":2},"end":{"line":21,"column":null}},"10":{"start":{"line":17,"column":4},"end":{"line":17,"column":58}},"11":{"start":{"line":18,"column":4},"end":{"line":18,"column":11}},"12":{"start":{"line":20,"column":4},"end":{"line":20,"column":35}},"13":{"start":{"line":24,"column":29},"end":{"line":30,"column":2}},"14":{"start":{"line":24,"column":40},"end":{"line":30,"column":2}},"15":{"start":{"line":25,"column":2},"end":{"line":29,"column":5}},"16":{"start":{"line":32,"column":18},"end":{"line":136,"column":2}},"17":{"start":{"line":32,"column":50},"end":{"line":136,"column":2}},"18":{"start":{"line":33,"column":2},"end":{"line":135,"column":null}},"19":{"start":{"line":34,"column":4},"end":{"line":34,"column":24}},"20":{"start":{"line":35,"column":27},"end":{"line":35,"column":29}},"21":{"start":{"line":36,"column":4},"end":{"line":128,"column":null}},"22":{"start":{"line":38,"column":6},"end":{"line":40,"column":null}},"23":{"start":{"line":39,"column":8},"end":{"line":39,"column":75}},"24":{"start":{"line":41,"column":29},"end":{"line":41,"column":70}},"25":{"start":{"line":44,"column":6},"end":{"line":80,"column":9}},"26":{"start":{"line":58,"column":52},"end":{"line":58,"column":60}},"27":{"start":{"line":76,"column":52},"end":{"line":76,"column":60}},"28":{"start":{"line":129,"column":4},"end":{"line":129,"column":32}},"29":{"start":{"line":130,"column":4},"end":{"line":130,"column":33}},"30":{"start":{"line":131,"column":4},"end":{"line":131,"column":26}},"31":{"start":{"line":133,"column":4},"end":{"line":133,"column":25}},"32":{"start":{"line":134,"column":4},"end":{"line":134,"column":43}},"33":{"start":{"line":283,"column":2},"end":{"line":283,"column":11}},"34":{"start":{"line":138,"column":30},"end":{"line":153,"column":2}},"35":{"start":{"line":138,"column":68},"end":{"line":153,"column":2}},"36":{"start":{"line":139,"column":2},"end":{"line":152,"column":null}},"37":{"start":{"line":140,"column":34},"end":{"line":140,"column":64}},"38":{"start":{"line":141,"column":27},"end":{"line":141,"column":49}},"39":{"start":{"line":143,"column":4},"end":{"line":148,"column":9}},"40":{"start":{"line":150,"column":4},"end":{"line":150,"column":24}},"41":{"start":{"line":151,"column":4},"end":{"line":151,"column":65}},"42":{"start":{"line":284,"column":2},"end":{"line":284,"column":23}},"43":{"start":{"line":155,"column":26},"end":{"line":165,"column":2}},"44":{"start":{"line":155,"column":64},"end":{"line":165,"column":2}},"45":{"start":{"line":156,"column":2},"end":{"line":164,"column":null}},"46":{"start":{"line":157,"column":17},"end":{"line":159,"column":6}},"47":{"start":{"line":160,"column":4},"end":{"line":160,"column":38}},"48":{"start":{"line":162,"column":4},"end":{"line":162,"column":24}},"49":{"start":{"line":163,"column":4},"end":{"line":163,"column":68}},"50":{"start":{"line":285,"column":2},"end":{"line":285,"column":19}},"51":{"start":{"line":167,"column":24},"end":{"line":194,"column":2}},"52":{"start":{"line":167,"column":62},"end":{"line":194,"column":2}},"53":{"start":{"line":168,"column":2},"end":{"line":193,"column":null}},"54":{"start":{"line":169,"column":17},"end":{"line":169,"column":50}},"55":{"start":{"line":170,"column":4},"end":{"line":170,"column":22}},"56":{"start":{"line":171,"column":38},"end":{"line":171,"column":74}},"57":{"start":{"line":173,"column":23},"end":{"line":173,"column":25}},"58":{"start":{"line":174,"column":4},"end":{"line":176,"column":null}},"59":{"start":{"line":175,"column":6},"end":{"line":175,"column":52}},"60":{"start":{"line":175,"column":37},"end":{"line":175,"column":48}},"61":{"start":{"line":178,"column":20},"end":{"line":178,"column":57}},"62":{"start":{"line":180,"column":19},"end":{"line":187,"column":6}},"63":{"start":{"line":189,"column":4},"end":{"line":189,"column":42}},"64":{"start":{"line":191,"column":4},"end":{"line":191,"column":24}},"65":{"start":{"line":192,"column":4},"end":{"line":192,"column":69}},"66":{"start":{"line":286,"column":2},"end":{"line":286,"column":17}},"67":{"start":{"line":196,"column":29},"end":{"line":212,"column":2}},"68":{"start":{"line":196,"column":67},"end":{"line":212,"column":2}},"69":{"start":{"line":197,"column":2},"end":{"line":211,"column":null}},"70":{"start":{"line":198,"column":4},"end":{"line":207,"column":9}},"71":{"start":{"line":203,"column":8},"end":{"line":206,"column":62}},"72":{"start":{"line":204,"column":10},"end":{"line":206,"column":62}},"73":{"start":{"line":209,"column":4},"end":{"line":209,"column":24}},"74":{"start":{"line":210,"column":4},"end":{"line":210,"column":67}},"75":{"start":{"line":287,"column":2},"end":{"line":287,"column":22}},"76":{"start":{"line":214,"column":29},"end":{"line":221,"column":2}},"77":{"start":{"line":214,"column":67},"end":{"line":221,"column":2}},"78":{"start":{"line":215,"column":2},"end":{"line":220,"column":null}},"79":{"start":{"line":216,"column":4},"end":{"line":216,"column":72}},"80":{"start":{"line":218,"column":4},"end":{"line":218,"column":24}},"81":{"start":{"line":219,"column":4},"end":{"line":219,"column":67}},"82":{"start":{"line":288,"column":2},"end":{"line":288,"column":22}},"83":{"start":{"line":223,"column":23},"end":{"line":252,"column":2}},"84":{"start":{"line":223,"column":61},"end":{"line":252,"column":2}},"85":{"start":{"line":224,"column":2},"end":{"line":251,"column":null}},"86":{"start":{"line":225,"column":17},"end":{"line":225,"column":75}},"87":{"start":{"line":226,"column":4},"end":{"line":230,"column":null}},"88":{"start":{"line":227,"column":6},"end":{"line":229,"column":64}},"89":{"start":{"line":232,"column":23},"end":{"line":232,"column":38}},"90":{"start":{"line":233,"column":4},"end":{"line":242,"column":7}},"91":{"start":{"line":243,"column":4},"end":{"line":245,"column":67}},"92":{"start":{"line":247,"column":4},"end":{"line":247,"column":24}},"93":{"start":{"line":248,"column":4},"end":{"line":250,"column":77}},"94":{"start":{"line":290,"column":2},"end":{"line":290,"column":16}},"95":{"start":{"line":254,"column":21},"end":{"line":280,"column":2}},"96":{"start":{"line":254,"column":59},"end":{"line":280,"column":2}},"97":{"start":{"line":255,"column":2},"end":{"line":279,"column":null}},"98":{"start":{"line":256,"column":17},"end":{"line":256,"column":75}},"99":{"start":{"line":257,"column":4},"end":{"line":261,"column":null}},"100":{"start":{"line":258,"column":6},"end":{"line":260,"column":64}},"101":{"start":{"line":262,"column":23},"end":{"line":262,"column":38}},"102":{"start":{"line":263,"column":4},"end":{"line":272,"column":7}},"103":{"start":{"line":273,"column":4},"end":{"line":273,"column":75}},"104":{"start":{"line":275,"column":4},"end":{"line":275,"column":24}},"105":{"start":{"line":276,"column":4},"end":{"line":278,"column":77}},"106":{"start":{"line":289,"column":2},"end":{"line":289,"column":14}}},"fnMap":{"0":{"name":"(anonymous_14)","decl":{"start":{"line":15,"column":20},"end":{"line":15,"column":29}},"loc":{"start":{"line":15,"column":31},"end":{"line":22,"column":2}}},"1":{"name":"(anonymous_15)","decl":{"start":{"line":15,"column":31},"end":{"line":15,"column":null}},"loc":{"start":{"line":15,"column":31},"end":{"line":22,"column":1}}},"2":{"name":"(anonymous_16)","decl":{"start":{"line":24,"column":29},"end":{"line":24,"column":38}},"loc":{"start":{"line":24,"column":40},"end":{"line":30,"column":2}}},"3":{"name":"(anonymous_17)","decl":{"start":{"line":24,"column":40},"end":{"line":24,"column":null}},"loc":{"start":{"line":24,"column":40},"end":{"line":30,"column":1}}},"4":{"name":"(anonymous_18)","decl":{"start":{"line":32,"column":18},"end":{"line":32,"column":25}},"loc":{"start":{"line":32,"column":50},"end":{"line":136,"column":2}}},"5":{"name":"(anonymous_19)","decl":{"start":{"line":32,"column":50},"end":{"line":32,"column":null}},"loc":{"start":{"line":32,"column":50},"end":{"line":136,"column":1}}},"6":{"name":"(anonymous_20)","decl":{"start":{"line":58,"column":43},"end":{"line":58,"column":44}},"loc":{"start":{"line":58,"column":52},"end":{"line":58,"column":60}}},"7":{"name":"(anonymous_21)","decl":{"start":{"line":76,"column":43},"end":{"line":76,"column":44}},"loc":{"start":{"line":76,"column":52},"end":{"line":76,"column":60}}},"8":{"name":"(anonymous_22)","decl":{"start":{"line":138,"column":30},"end":{"line":138,"column":37}},"loc":{"start":{"line":138,"column":68},"end":{"line":153,"column":2}}},"9":{"name":"(anonymous_23)","decl":{"start":{"line":138,"column":68},"end":{"line":138,"column":null}},"loc":{"start":{"line":138,"column":68},"end":{"line":153,"column":1}}},"10":{"name":"(anonymous_24)","decl":{"start":{"line":155,"column":26},"end":{"line":155,"column":33}},"loc":{"start":{"line":155,"column":64},"end":{"line":165,"column":2}}},"11":{"name":"(anonymous_25)","decl":{"start":{"line":155,"column":64},"end":{"line":155,"column":null}},"loc":{"start":{"line":155,"column":64},"end":{"line":165,"column":1}}},"12":{"name":"(anonymous_26)","decl":{"start":{"line":167,"column":24},"end":{"line":167,"column":31}},"loc":{"start":{"line":167,"column":62},"end":{"line":194,"column":2}}},"13":{"name":"(anonymous_27)","decl":{"start":{"line":167,"column":62},"end":{"line":167,"column":null}},"loc":{"start":{"line":167,"column":62},"end":{"line":194,"column":1}}},"14":{"name":"(anonymous_28)","decl":{"start":{"line":175,"column":27},"end":{"line":175,"column":28}},"loc":{"start":{"line":175,"column":37},"end":{"line":175,"column":48}}},"15":{"name":"(anonymous_29)","decl":{"start":{"line":196,"column":29},"end":{"line":196,"column":36}},"loc":{"start":{"line":196,"column":67},"end":{"line":212,"column":2}}},"16":{"name":"(anonymous_30)","decl":{"start":{"line":196,"column":67},"end":{"line":196,"column":null}},"loc":{"start":{"line":196,"column":67},"end":{"line":212,"column":1}}},"17":{"name":"(anonymous_31)","decl":{"start":{"line":202,"column":13},"end":{"line":202,"column":14}},"loc":{"start":{"line":202,"column":23},"end":{"line":207,"column":7}}},"18":{"name":"(anonymous_32)","decl":{"start":{"line":214,"column":29},"end":{"line":214,"column":36}},"loc":{"start":{"line":214,"column":67},"end":{"line":221,"column":2}}},"19":{"name":"(anonymous_33)","decl":{"start":{"line":214,"column":67},"end":{"line":214,"column":null}},"loc":{"start":{"line":214,"column":67},"end":{"line":221,"column":1}}},"20":{"name":"(anonymous_34)","decl":{"start":{"line":223,"column":23},"end":{"line":223,"column":30}},"loc":{"start":{"line":223,"column":61},"end":{"line":252,"column":2}}},"21":{"name":"(anonymous_35)","decl":{"start":{"line":223,"column":61},"end":{"line":223,"column":null}},"loc":{"start":{"line":223,"column":61},"end":{"line":252,"column":1}}},"22":{"name":"(anonymous_36)","decl":{"start":{"line":254,"column":21},"end":{"line":254,"column":28}},"loc":{"start":{"line":254,"column":59},"end":{"line":280,"column":2}}},"23":{"name":"(anonymous_37)","decl":{"start":{"line":254,"column":59},"end":{"line":254,"column":null}},"loc":{"start":{"line":254,"column":59},"end":{"line":280,"column":1}}}},"branchMap":{"0":{"loc":{"start":{"line":38,"column":6},"end":{"line":40,"column":null}},"type":"if","locations":[{"start":{"line":38,"column":6},"end":{"line":40,"column":null}}]},"1":{"loc":{"start":{"line":38,"column":10},"end":{"line":38,"column":49}},"type":"binary-expr","locations":[{"start":{"line":38,"column":10},"end":{"line":38,"column":27}},{"start":{"line":38,"column":31},"end":{"line":38,"column":49}}]},"2":{"loc":{"start":{"line":53,"column":12},"end":{"line":53,"column":75}},"type":"binary-expr","locations":[{"start":{"line":53,"column":12},"end":{"line":53,"column":35}},{"start":{"line":53,"column":39},"end":{"line":53,"column":55}},{"start":{"line":53,"column":59},"end":{"line":53,"column":75}}]},"3":{"loc":{"start":{"line":58,"column":21},"end":{"line":58,"column":62}},"type":"cond-expr","locations":[{"start":{"line":58,"column":37},"end":{"line":58,"column":39}},{"start":{"line":58,"column":37},"end":{"line":58,"column":62}}]},"4":{"loc":{"start":{"line":58,"column":21},"end":{"line":58,"column":39}},"type":"binary-expr","locations":[{"start":{"line":58,"column":21},"end":{"line":58,"column":39}},{"start":{"line":58,"column":37},"end":{"line":58,"column":39}}]},"5":{"loc":{"start":{"line":76,"column":21},"end":{"line":76,"column":62}},"type":"cond-expr","locations":[{"start":{"line":76,"column":37},"end":{"line":76,"column":39}},{"start":{"line":76,"column":37},"end":{"line":76,"column":62}}]},"6":{"loc":{"start":{"line":76,"column":21},"end":{"line":76,"column":39}},"type":"binary-expr","locations":[{"start":{"line":76,"column":21},"end":{"line":76,"column":39}},{"start":{"line":76,"column":37},"end":{"line":76,"column":39}}]},"7":{"loc":{"start":{"line":174,"column":4},"end":{"line":176,"column":null}},"type":"if","locations":[{"start":{"line":174,"column":4},"end":{"line":176,"column":null}}]},"8":{"loc":{"start":{"line":183,"column":14},"end":{"line":183,"column":34}},"type":"binary-expr","locations":[{"start":{"line":183,"column":14},"end":{"line":183,"column":18}},{"start":{"line":183,"column":22},"end":{"line":183,"column":34}}]},"9":{"loc":{"start":{"line":203,"column":8},"end":{"line":206,"column":62}},"type":"if","locations":[{"start":{"line":203,"column":8},"end":{"line":206,"column":62}}]},"10":{"loc":{"start":{"line":226,"column":4},"end":{"line":230,"column":null}},"type":"if","locations":[{"start":{"line":226,"column":4},"end":{"line":230,"column":null}}]},"11":{"loc":{"start":{"line":257,"column":4},"end":{"line":261,"column":null}},"type":"if","locations":[{"start":{"line":257,"column":4},"end":{"line":261,"column":null}}]}},"s":{"0":2,"1":2,"2":2,"3":2,"4":2,"5":2,"6":2,"7":2,"8":1,"9":1,"10":1,"11":1,"12":0,"13":2,"14":1,"15":1,"16":2,"17":1,"18":1,"19":1,"20":1,"21":1,"22":3,"23":0,"24":3,"25":3,"26":4,"27":4,"28":1,"29":1,"30":1,"31":0,"32":0,"33":2,"34":2,"35":1,"36":1,"37":1,"38":1,"39":1,"40":0,"41":0,"42":2,"43":2,"44":0,"45":0,"46":0,"47":0,"48":0,"49":0,"50":2,"51":2,"52":1,"53":1,"54":1,"55":1,"56":1,"57":1,"58":1,"59":0,"60":0,"61":1,"62":1,"63":1,"64":0,"65":0,"66":2,"67":2,"68":0,"69":0,"70":0,"71":0,"72":0,"73":0,"74":0,"75":2,"76":2,"77":0,"78":0,"79":0,"80":0,"81":0,"82":2,"83":2,"84":0,"85":0,"86":0,"87":0,"88":0,"89":0,"90":0,"91":0,"92":0,"93":0,"94":2,"95":2,"96":0,"97":0,"98":0,"99":0,"100":0,"101":0,"102":0,"103":0,"104":0,"105":0,"106":2},"f":{"0":1,"1":1,"2":1,"3":1,"4":1,"5":1,"6":4,"7":4,"8":1,"9":1,"10":0,"11":0,"12":1,"13":1,"14":0,"15":0,"16":0,"17":0,"18":0,"19":0,"20":0,"21":0,"22":0,"23":0},"b":{"0":[0],"1":[3,3],"2":[3,3,0],"3":[0,3],"4":[3,3],"5":[0,3],"6":[3,3],"7":[0],"8":[1,1],"9":[0],"10":[0],"11":[0]}}
,"/Users/ayodejifakunle/Documents/github/findai-backend-ts-main/src/controllers/user-controller.ts": {"path":"/Users/ayodejifakunle/Documents/github/findai-backend-ts-main/src/controllers/user-controller.ts","statementMap":{"0":{"start":{"line":2,"column":0},"end":{"line":2,"column":31}},"1":{"start":{"line":3,"column":0},"end":{"line":3,"column":27}},"2":{"start":{"line":4,"column":0},"end":{"line":4,"column":28}},"3":{"start":{"line":5,"column":0},"end":{"line":5,"column":50}},"4":{"start":{"line":6,"column":0},"end":{"line":6,"column":43}},"5":{"start":{"line":7,"column":0},"end":{"line":7,"column":31}},"6":{"start":{"line":8,"column":19},"end":{"line":8,"column":21}},"7":{"start":{"line":10,"column":23},"end":{"line":29,"column":2}},"8":{"start":{"line":10,"column":61},"end":{"line":29,"column":2}},"9":{"start":{"line":11,"column":2},"end":{"line":28,"column":null}},"10":{"start":{"line":12,"column":33},"end":{"line":14,"column":6}},"11":{"start":{"line":15,"column":4},"end":{"line":19,"column":null}},"12":{"start":{"line":16,"column":6},"end":{"line":18,"column":9}},"13":{"start":{"line":20,"column":4},"end":{"line":20,"column":43}},"14":{"start":{"line":21,"column":4},"end":{"line":24,"column":7}},"15":{"start":{"line":26,"column":4},"end":{"line":26,"column":24}},"16":{"start":{"line":27,"column":4},"end":{"line":27,"column":67}},"17":{"start":{"line":201,"column":2},"end":{"line":201,"column":16}},"18":{"start":{"line":31,"column":19},"end":{"line":41,"column":2}},"19":{"start":{"line":31,"column":57},"end":{"line":41,"column":2}},"20":{"start":{"line":32,"column":2},"end":{"line":40,"column":null}},"21":{"start":{"line":33,"column":4},"end":{"line":33,"column":51}},"22":{"start":{"line":34,"column":4},"end":{"line":34,"column":60}},"23":{"start":{"line":36,"column":4},"end":{"line":36,"column":24}},"24":{"start":{"line":37,"column":4},"end":{"line":39,"column":74}},"25":{"start":{"line":202,"column":2},"end":{"line":202,"column":12}},"26":{"start":{"line":43,"column":17},"end":{"line":79,"column":2}},"27":{"start":{"line":43,"column":55},"end":{"line":79,"column":2}},"28":{"start":{"line":44,"column":2},"end":{"line":78,"column":null}},"29":{"start":{"line":45,"column":27},"end":{"line":45,"column":75}},"30":{"start":{"line":46,"column":29},"end":{"line":46,"column":63}},"31":{"start":{"line":48,"column":4},"end":{"line":48,"column":73}},"32":{"start":{"line":49,"column":17},"end":{"line":59,"column":6}},"33":{"start":{"line":61,"column":4},"end":{"line":65,"column":7}},"34":{"start":{"line":67,"column":4},"end":{"line":72,"column":null}},"35":{"start":{"line":71,"column":6},"end":{"line":71,"column":72}},"36":{"start":{"line":73,"column":4},"end":{"line":73,"column":24}},"37":{"start":{"line":74,"column":4},"end":{"line":77,"column":69}},"38":{"start":{"line":75,"column":6},"end":{"line":77,"column":69}},"39":{"start":{"line":204,"column":2},"end":{"line":204,"column":10}},"40":{"start":{"line":81,"column":14},"end":{"line":116,"column":2}},"41":{"start":{"line":81,"column":52},"end":{"line":116,"column":2}},"42":{"start":{"line":82,"column":2},"end":{"line":115,"column":null}},"43":{"start":{"line":83,"column":17},"end":{"line":85,"column":6}},"44":{"start":{"line":86,"column":4},"end":{"line":86,"column":22}},"45":{"start":{"line":87,"column":4},"end":{"line":91,"column":null}},"46":{"start":{"line":88,"column":6},"end":{"line":90,"column":75}},"47":{"start":{"line":92,"column":31},"end":{"line":94,"column":null}},"48":{"start":{"line":96,"column":4},"end":{"line":110,"column":null}},"49":{"start":{"line":97,"column":28},"end":{"line":105,"column":null}},"50":{"start":{"line":107,"column":6},"end":{"line":107,"column":43}},"51":{"start":{"line":109,"column":6},"end":{"line":109,"column":79}},"52":{"start":{"line":112,"column":4},"end":{"line":112,"column":23}},"53":{"start":{"line":113,"column":4},"end":{"line":113,"column":24}},"54":{"start":{"line":114,"column":4},"end":{"line":114,"column":62}},"55":{"start":{"line":203,"column":2},"end":{"line":203,"column":7}},"56":{"start":{"line":118,"column":15},"end":{"line":136,"column":2}},"57":{"start":{"line":118,"column":53},"end":{"line":136,"column":2}},"58":{"start":{"line":119,"column":2},"end":{"line":135,"column":null}},"59":{"start":{"line":120,"column":17},"end":{"line":120,"column":73}},"60":{"start":{"line":121,"column":4},"end":{"line":125,"column":null}},"61":{"start":{"line":122,"column":6},"end":{"line":124,"column":70}},"62":{"start":{"line":126,"column":4},"end":{"line":131,"column":null}},"63":{"start":{"line":127,"column":6},"end":{"line":130,"column":9}},"64":{"start":{"line":132,"column":4},"end":{"line":132,"column":73}},"65":{"start":{"line":134,"column":4},"end":{"line":134,"column":80}},"66":{"start":{"line":205,"column":2},"end":{"line":205,"column":8}},"67":{"start":{"line":138,"column":19},"end":{"line":146,"column":2}},"68":{"start":{"line":138,"column":57},"end":{"line":146,"column":2}},"69":{"start":{"line":139,"column":2},"end":{"line":145,"column":null}},"70":{"start":{"line":140,"column":4},"end":{"line":140,"column":64}},"71":{"start":{"line":141,"column":4},"end":{"line":141,"column":75}},"72":{"start":{"line":143,"column":4},"end":{"line":143,"column":25}},"73":{"start":{"line":144,"column":4},"end":{"line":144,"column":27}},"74":{"start":{"line":207,"column":2},"end":{"line":207,"column":12}},"75":{"start":{"line":148,"column":23},"end":{"line":165,"column":2}},"76":{"start":{"line":148,"column":61},"end":{"line":165,"column":2}},"77":{"start":{"line":149,"column":2},"end":{"line":164,"column":null}},"78":{"start":{"line":150,"column":4},"end":{"line":150,"column":69}},"79":{"start":{"line":151,"column":4},"end":{"line":153,"column":77}},"80":{"start":{"line":155,"column":4},"end":{"line":159,"column":null}},"81":{"start":{"line":156,"column":6},"end":{"line":158,"column":null}},"82":{"start":{"line":157,"column":8},"end":{"line":157,"column":73}},"83":{"start":{"line":160,"column":4},"end":{"line":160,"column":24}},"84":{"start":{"line":161,"column":4},"end":{"line":163,"column":7}},"85":{"start":{"line":206,"column":2},"end":{"line":206,"column":16}},"86":{"start":{"line":167,"column":22},"end":{"line":198,"column":2}},"87":{"start":{"line":167,"column":60},"end":{"line":198,"column":2}},"88":{"start":{"line":168,"column":2},"end":{"line":197,"column":null}},"89":{"start":{"line":169,"column":4},"end":{"line":174,"column":null}},"90":{"start":{"line":170,"column":6},"end":{"line":173,"column":9}},"91":{"start":{"line":175,"column":17},"end":{"line":186,"column":6}},"92":{"start":{"line":187,"column":4},"end":{"line":189,"column":null}},"93":{"start":{"line":188,"column":6},"end":{"line":188,"column":24}},"94":{"start":{"line":190,"column":4},"end":{"line":190,"column":37}},"95":{"start":{"line":191,"column":4},"end":{"line":191,"column":73}},"96":{"start":{"line":193,"column":4},"end":{"line":193,"column":25}},"97":{"start":{"line":194,"column":4},"end":{"line":196,"column":7}},"98":{"start":{"line":208,"column":2},"end":{"line":208,"column":15}}},"fnMap":{"0":{"name":"(anonymous_8)","decl":{"start":{"line":10,"column":23},"end":{"line":10,"column":30}},"loc":{"start":{"line":10,"column":61},"end":{"line":29,"column":2}}},"1":{"name":"(anonymous_9)","decl":{"start":{"line":10,"column":61},"end":{"line":10,"column":null}},"loc":{"start":{"line":10,"column":61},"end":{"line":29,"column":1}}},"2":{"name":"(anonymous_10)","decl":{"start":{"line":31,"column":19},"end":{"line":31,"column":26}},"loc":{"start":{"line":31,"column":57},"end":{"line":41,"column":2}}},"3":{"name":"(anonymous_11)","decl":{"start":{"line":31,"column":57},"end":{"line":31,"column":null}},"loc":{"start":{"line":31,"column":57},"end":{"line":41,"column":1}}},"4":{"name":"(anonymous_12)","decl":{"start":{"line":43,"column":17},"end":{"line":43,"column":24}},"loc":{"start":{"line":43,"column":55},"end":{"line":79,"column":2}}},"5":{"name":"(anonymous_13)","decl":{"start":{"line":43,"column":55},"end":{"line":43,"column":null}},"loc":{"start":{"line":43,"column":55},"end":{"line":79,"column":1}}},"6":{"name":"(anonymous_14)","decl":{"start":{"line":81,"column":14},"end":{"line":81,"column":21}},"loc":{"start":{"line":81,"column":52},"end":{"line":116,"column":2}}},"7":{"name":"(anonymous_15)","decl":{"start":{"line":81,"column":52},"end":{"line":81,"column":null}},"loc":{"start":{"line":81,"column":52},"end":{"line":116,"column":1}}},"8":{"name":"(anonymous_16)","decl":{"start":{"line":118,"column":15},"end":{"line":118,"column":22}},"loc":{"start":{"line":118,"column":53},"end":{"line":136,"column":2}}},"9":{"name":"(anonymous_17)","decl":{"start":{"line":118,"column":53},"end":{"line":118,"column":null}},"loc":{"start":{"line":118,"column":53},"end":{"line":136,"column":1}}},"10":{"name":"(anonymous_18)","decl":{"start":{"line":138,"column":19},"end":{"line":138,"column":26}},"loc":{"start":{"line":138,"column":57},"end":{"line":146,"column":2}}},"11":{"name":"(anonymous_19)","decl":{"start":{"line":138,"column":57},"end":{"line":138,"column":null}},"loc":{"start":{"line":138,"column":57},"end":{"line":146,"column":1}}},"12":{"name":"(anonymous_20)","decl":{"start":{"line":148,"column":23},"end":{"line":148,"column":30}},"loc":{"start":{"line":148,"column":61},"end":{"line":165,"column":2}}},"13":{"name":"(anonymous_21)","decl":{"start":{"line":148,"column":61},"end":{"line":148,"column":null}},"loc":{"start":{"line":148,"column":61},"end":{"line":165,"column":1}}},"14":{"name":"(anonymous_22)","decl":{"start":{"line":167,"column":22},"end":{"line":167,"column":29}},"loc":{"start":{"line":167,"column":60},"end":{"line":198,"column":2}}},"15":{"name":"(anonymous_23)","decl":{"start":{"line":167,"column":60},"end":{"line":167,"column":null}},"loc":{"start":{"line":167,"column":60},"end":{"line":198,"column":1}}}},"branchMap":{"0":{"loc":{"start":{"line":15,"column":4},"end":{"line":19,"column":null}},"type":"if","locations":[{"start":{"line":15,"column":4},"end":{"line":19,"column":null}}]},"1":{"loc":{"start":{"line":67,"column":4},"end":{"line":72,"column":null}},"type":"if","locations":[{"start":{"line":67,"column":4},"end":{"line":72,"column":null}}]},"2":{"loc":{"start":{"line":68,"column":6},"end":{"line":69,"column":27}},"type":"binary-expr","locations":[{"start":{"line":68,"column":6},"end":{"line":68,"column":59}},{"start":{"line":69,"column":6},"end":{"line":69,"column":27}}]},"3":{"loc":{"start":{"line":74,"column":4},"end":{"line":77,"column":69}},"type":"if","locations":[{"start":{"line":74,"column":4},"end":{"line":77,"column":69}}]},"4":{"loc":{"start":{"line":87,"column":4},"end":{"line":91,"column":null}},"type":"if","locations":[{"start":{"line":87,"column":4},"end":{"line":91,"column":null}}]},"5":{"loc":{"start":{"line":87,"column":8},"end":{"line":87,"column":39}},"type":"binary-expr","locations":[{"start":{"line":87,"column":8},"end":{"line":87,"column":13}},{"start":{"line":87,"column":17},"end":{"line":87,"column":39}}]},"6":{"loc":{"start":{"line":96,"column":4},"end":{"line":110,"column":null}},"type":"if","locations":[{"start":{"line":96,"column":4},"end":{"line":110,"column":null}},{"start":{"line":108,"column":11},"end":{"line":110,"column":null}}]},"7":{"loc":{"start":{"line":121,"column":4},"end":{"line":125,"column":null}},"type":"if","locations":[{"start":{"line":121,"column":4},"end":{"line":125,"column":null}}]},"8":{"loc":{"start":{"line":121,"column":8},"end":{"line":121,"column":30}},"type":"binary-expr","locations":[{"start":{"line":121,"column":8},"end":{"line":121,"column":13}},{"start":{"line":121,"column":17},"end":{"line":121,"column":30}}]},"9":{"loc":{"start":{"line":126,"column":4},"end":{"line":131,"column":null}},"type":"if","locations":[{"start":{"line":126,"column":4},"end":{"line":131,"column":null}}]},"10":{"loc":{"start":{"line":155,"column":4},"end":{"line":159,"column":null}},"type":"if","locations":[{"start":{"line":155,"column":4},"end":{"line":159,"column":null}}]},"11":{"loc":{"start":{"line":156,"column":6},"end":{"line":158,"column":null}},"type":"if","locations":[{"start":{"line":156,"column":6},"end":{"line":158,"column":null}}]},"12":{"loc":{"start":{"line":169,"column":4},"end":{"line":174,"column":null}},"type":"if","locations":[{"start":{"line":169,"column":4},"end":{"line":174,"column":null}}]},"13":{"loc":{"start":{"line":169,"column":8},"end":{"line":169,"column":60}},"type":"binary-expr","locations":[{"start":{"line":169,"column":8},"end":{"line":169,"column":22}},{"start":{"line":169,"column":26},"end":{"line":169,"column":60}}]},"14":{"loc":{"start":{"line":180,"column":12},"end":{"line":180,"column":65}},"type":"binary-expr","locations":[{"start":{"line":180,"column":12},"end":{"line":180,"column":30}},{"start":{"line":180,"column":34},"end":{"line":180,"column":65}}]},"15":{"loc":{"start":{"line":181,"column":12},"end":{"line":181,"column":74}},"type":"binary-expr","locations":[{"start":{"line":181,"column":12},"end":{"line":181,"column":33}},{"start":{"line":181,"column":37},"end":{"line":181,"column":74}}]},"16":{"loc":{"start":{"line":182,"column":12},"end":{"line":184,"column":10}},"type":"binary-expr","locations":[{"start":{"line":182,"column":12},"end":{"line":182,"column":29}},{"start":{"line":182,"column":33},"end":{"line":184,"column":10}}]},"17":{"loc":{"start":{"line":187,"column":4},"end":{"line":189,"column":null}},"type":"if","locations":[{"start":{"line":187,"column":4},"end":{"line":189,"column":null}}]}},"s":{"0":2,"1":2,"2":2,"3":2,"4":2,"5":2,"6":2,"7":2,"8":0,"9":0,"10":0,"11":0,"12":0,"13":0,"14":0,"15":0,"16":0,"17":2,"18":2,"19":0,"20":0,"21":0,"22":0,"23":0,"24":0,"25":2,"26":2,"27":2,"28":2,"29":2,"30":2,"31":2,"32":2,"33":1,"34":1,"35":1,"36":0,"37":0,"38":0,"39":2,"40":2,"41":1,"42":1,"43":1,"44":1,"45":1,"46":0,"47":1,"48":1,"49":1,"50":1,"51":0,"52":0,"53":0,"54":0,"55":2,"56":2,"57":0,"58":0,"59":0,"60":0,"61":0,"62":0,"63":0,"64":0,"65":0,"66":2,"67":2,"68":0,"69":0,"70":0,"71":0,"72":0,"73":0,"74":2,"75":2,"76":0,"77":0,"78":0,"79":0,"80":0,"81":0,"82":0,"83":0,"84":0,"85":2,"86":2,"87":0,"88":0,"89":0,"90":0,"91":0,"92":0,"93":0,"94":0,"95":0,"96":0,"97":0,"98":2},"f":{"0":0,"1":0,"2":0,"3":0,"4":2,"5":2,"6":1,"7":1,"8":0,"9":0,"10":0,"11":0,"12":0,"13":0,"14":0,"15":0},"b":{"0":[0],"1":[1],"2":[1,1],"3":[0],"4":[0],"5":[1,1],"6":[1,0],"7":[0],"8":[0,0],"9":[0],"10":[0],"11":[0],"12":[0],"13":[0,0],"14":[0,0],"15":[0,0],"16":[0,0],"17":[0]}}
,"/Users/ayodejifakunle/Documents/github/findai-backend-ts-main/src/helpers/authentication.ts": {"path":"/Users/ayodejifakunle/Documents/github/findai-backend-ts-main/src/helpers/authentication.ts","statementMap":{"0":{"start":{"line":1,"column":0},"end":{"line":1,"column":31}},"1":{"start":{"line":4,"column":0},"end":{"line":4,"column":33}},"2":{"start":{"line":5,"column":0},"end":{"line":5,"column":27}},"3":{"start":{"line":7,"column":0},"end":{"line":7,"column":16}},"4":{"start":{"line":9,"column":23},"end":{"line":57,"column":2}},"5":{"start":{"line":13,"column":4},"end":{"line":57,"column":2}},"6":{"start":{"line":14,"column":2},"end":{"line":16,"column":null}},"7":{"start":{"line":15,"column":4},"end":{"line":15,"column":71}},"8":{"start":{"line":18,"column":2},"end":{"line":22,"column":null}},"9":{"start":{"line":19,"column":4},"end":{"line":19,"column":55}},"10":{"start":{"line":21,"column":4},"end":{"line":21,"column":41}},"11":{"start":{"line":23,"column":2},"end":{"line":56,"column":null}},"12":{"start":{"line":24,"column":47},"end":{"line":26,"column":null}},"13":{"start":{"line":28,"column":4},"end":{"line":33,"column":null}},"14":{"start":{"line":29,"column":6},"end":{"line":29,"column":70}},"15":{"start":{"line":30,"column":6},"end":{"line":32,"column":63}},"16":{"start":{"line":34,"column":17},"end":{"line":36,"column":6}},"17":{"start":{"line":37,"column":4},"end":{"line":42,"column":null}},"18":{"start":{"line":38,"column":6},"end":{"line":41,"column":9}},"19":{"start":{"line":43,"column":4},"end":{"line":48,"column":null}},"20":{"start":{"line":44,"column":6},"end":{"line":47,"column":9}},"21":{"start":{"line":49,"column":4},"end":{"line":49,"column":27}},"22":{"start":{"line":50,"column":4},"end":{"line":50,"column":11}},"23":{"start":{"line":52,"column":4},"end":{"line":55,"column":7}},"24":{"start":{"line":59,"column":0},"end":{"line":59,"column":30}}},"fnMap":{"0":{"name":"(anonymous_14)","decl":{"start":{"line":9,"column":23},"end":{"line":9,"column":null}},"loc":{"start":{"line":13,"column":4},"end":{"line":57,"column":2}}},"1":{"name":"(anonymous_15)","decl":{"start":{"line":13,"column":4},"end":{"line":13,"column":null}},"loc":{"start":{"line":13,"column":4},"end":{"line":57,"column":1}}}},"branchMap":{"0":{"loc":{"start":{"line":14,"column":2},"end":{"line":16,"column":null}},"type":"if","locations":[{"start":{"line":14,"column":2},"end":{"line":16,"column":null}}]},"1":{"loc":{"start":{"line":18,"column":2},"end":{"line":22,"column":null}},"type":"if","locations":[{"start":{"line":18,"column":2},"end":{"line":22,"column":null}},{"start":{"line":20,"column":9},"end":{"line":22,"column":null}}]},"2":{"loc":{"start":{"line":18,"column":43},"end":{"line":18,"column":63}},"type":"binary-expr","locations":[{"start":{"line":18,"column":43},"end":{"line":18,"column":51}},{"start":{"line":18,"column":55},"end":{"line":18,"column":63}}]},"3":{"loc":{"start":{"line":28,"column":4},"end":{"line":33,"column":null}},"type":"if","locations":[{"start":{"line":28,"column":4},"end":{"line":33,"column":null}}]},"4":{"loc":{"start":{"line":37,"column":4},"end":{"line":42,"column":null}},"type":"if","locations":[{"start":{"line":37,"column":4},"end":{"line":42,"column":null}}]},"5":{"loc":{"start":{"line":43,"column":4},"end":{"line":48,"column":null}},"type":"if","locations":[{"start":{"line":43,"column":4},"end":{"line":48,"column":null}}]}},"s":{"0":2,"1":2,"2":2,"3":2,"4":2,"5":2,"6":2,"7":0,"8":2,"9":0,"10":2,"11":2,"12":2,"13":1,"14":0,"15":0,"16":1,"17":1,"18":0,"19":1,"20":0,"21":1,"22":1,"23":1,"24":2},"f":{"0":2,"1":2},"b":{"0":[0],"1":[0,2],"2":[2,0],"3":[0],"4":[0],"5":[0]}}
,"/Users/ayodejifakunle/Documents/github/findai-backend-ts-main/src/helpers/authorization.ts": {"path":"/Users/ayodejifakunle/Documents/github/findai-backend-ts-main/src/helpers/authorization.ts","statementMap":{"0":{"start":{"line":5,"column":18},"end":{"line":8,"column":2}},"1":{"start":{"line":11,"column":2},"end":{"line":20,"column":4}},"2":{"start":{"line":11,"column":18},"end":{"line":20,"column":4}},"3":{"start":{"line":11,"column":76},"end":{"line":20,"column":4}},"4":{"start":{"line":12,"column":23},"end":{"line":12,"column":38}},"5":{"start":{"line":13,"column":4},"end":{"line":19,"column":null}},"6":{"start":{"line":14,"column":6},"end":{"line":14,"column":13}},"7":{"start":{"line":16,"column":6},"end":{"line":18,"column":80}},"8":{"start":{"line":22,"column":0},"end":{"line":22,"column":23}}},"fnMap":{"0":{"name":"(anonymous_7)","decl":{"start":{"line":11,"column":2},"end":{"line":11,"column":3}},"loc":{"start":{"line":11,"column":18},"end":{"line":20,"column":4}}},"1":{"name":"(anonymous_8)","decl":{"start":{"line":11,"column":18},"end":{"line":11,"column":25}},"loc":{"start":{"line":11,"column":76},"end":{"line":20,"column":4}}},"2":{"name":"(anonymous_9)","decl":{"start":{"line":11,"column":76},"end":{"line":11,"column":null}},"loc":{"start":{"line":11,"column":76},"end":{"line":20,"column":3}}}},"branchMap":{"0":{"loc":{"start":{"line":13,"column":4},"end":{"line":19,"column":null}},"type":"if","locations":[{"start":{"line":13,"column":4},"end":{"line":19,"column":null}},{"start":{"line":15,"column":11},"end":{"line":19,"column":null}}]}},"s":{"0":2,"1":2,"2":8,"3":1,"4":1,"5":1,"6":1,"7":0,"8":2},"f":{"0":8,"1":1,"2":1},"b":{"0":[1,0]}}
,"/Users/ayodejifakunle/Documents/github/findai-backend-ts-main/src/helpers/conversion.ts": {"path":"/Users/ayodejifakunle/Documents/github/findai-backend-ts-main/src/helpers/conversion.ts","statementMap":{"0":{"start":{"line":3,"column":27},"end":{"line":20,"column":1}},"1":{"start":{"line":11,"column":25},"end":{"line":11,"column":27}},"2":{"start":{"line":12,"column":2},"end":{"line":18,"column":null}},"3":{"start":{"line":13,"column":4},"end":{"line":13,"column":16}},"4":{"start":{"line":14,"column":9},"end":{"line":18,"column":null}},"5":{"start":{"line":15,"column":4},"end":{"line":15,"column":31}},"6":{"start":{"line":17,"column":4},"end":{"line":17,"column":36}},"7":{"start":{"line":19,"column":2},"end":{"line":19,"column":16}},"8":{"start":{"line":44,"column":9},"end":{"line":44,"column":27}},"9":{"start":{"line":22,"column":39},"end":{"line":42,"column":1}},"10":{"start":{"line":25,"column":2},"end":{"line":41,"column":null}},"11":{"start":{"line":26,"column":4},"end":{"line":26,"column":14}},"12":{"start":{"line":27,"column":9},"end":{"line":41,"column":null}},"13":{"start":{"line":28,"column":4},"end":{"line":32,"column":6}},"14":{"start":{"line":33,"column":9},"end":{"line":41,"column":null}},"15":{"start":{"line":34,"column":4},"end":{"line":38,"column":6}},"16":{"start":{"line":40,"column":4},"end":{"line":40,"column":14}},"17":{"start":{"line":44,"column":29},"end":{"line":44,"column":59}}},"fnMap":{"0":{"name":"(anonymous_0)","decl":{"start":{"line":3,"column":27},"end":{"line":3,"column":null}},"loc":{"start":{"line":10,"column":14},"end":{"line":20,"column":1}}},"1":{"name":"(anonymous_1)","decl":{"start":{"line":22,"column":39},"end":{"line":22,"column":null}},"loc":{"start":{"line":24,"column":12},"end":{"line":42,"column":1}}}},"branchMap":{"0":{"loc":{"start":{"line":12,"column":2},"end":{"line":18,"column":null}},"type":"if","locations":[{"start":{"line":12,"column":2},"end":{"line":18,"column":null}},{"start":{"line":14,"column":9},"end":{"line":18,"column":null}}]},"1":{"loc":{"start":{"line":14,"column":9},"end":{"line":18,"column":null}},"type":"if","locations":[{"start":{"line":14,"column":9},"end":{"line":18,"column":null}},{"start":{"line":16,"column":9},"end":{"line":18,"column":null}}]},"2":{"loc":{"start":{"line":25,"column":2},"end":{"line":41,"column":null}},"type":"if","locations":[{"start":{"line":25,"column":2},"end":{"line":41,"column":null}},{"start":{"line":27,"column":9},"end":{"line":41,"column":null}}]},"3":{"loc":{"start":{"line":27,"column":9},"end":{"line":41,"column":null}},"type":"if","locations":[{"start":{"line":27,"column":9},"end":{"line":41,"column":null}},{"start":{"line":33,"column":9},"end":{"line":41,"column":null}}]},"4":{"loc":{"start":{"line":33,"column":9},"end":{"line":41,"column":null}},"type":"if","locations":[{"start":{"line":33,"column":9},"end":{"line":41,"column":null}},{"start":{"line":39,"column":9},"end":{"line":41,"column":null}}]}},"s":{"0":2,"1":1,"2":1,"3":1,"4":0,"5":0,"6":0,"7":1,"8":2,"9":2,"10":1,"11":1,"12":0,"13":0,"14":0,"15":0,"16":0,"17":2},"f":{"0":1,"1":1},"b":{"0":[1,0],"1":[0,0],"2":[1,0],"3":[0,0],"4":[0,0]}}
,"/Users/ayodejifakunle/Documents/github/findai-backend-ts-main/src/helpers/email.ts": {"path":"/Users/ayodejifakunle/Documents/github/findai-backend-ts-main/src/helpers/email.ts","statementMap":{"0":{"start":{"line":1,"column":0},"end":{"line":1,"column":36}},"1":{"start":{"line":2,"column":0},"end":{"line":2,"column":53}},"2":{"start":{"line":11,"column":18},"end":{"line":30,"column":2}},"3":{"start":{"line":11,"column":66},"end":{"line":30,"column":2}},"4":{"start":{"line":12,"column":2},"end":{"line":29,"column":null}},"5":{"start":{"line":13,"column":24},"end":{"line":16,"column":null}},"6":{"start":{"line":18,"column":4},"end":{"line":24,"column":7}},"7":{"start":{"line":26,"column":4},"end":{"line":28,"column":7}},"8":{"start":{"line":32,"column":9},"end":{"line":32,"column":18}}},"fnMap":{"0":{"name":"(anonymous_8)","decl":{"start":{"line":11,"column":18},"end":{"line":11,"column":25}},"loc":{"start":{"line":11,"column":66},"end":{"line":30,"column":2}}},"1":{"name":"(anonymous_9)","decl":{"start":{"line":11,"column":66},"end":{"line":11,"column":null}},"loc":{"start":{"line":11,"column":66},"end":{"line":30,"column":1}}}},"branchMap":{},"s":{"0":2,"1":2,"2":2,"3":2,"4":2,"5":2,"6":2,"7":0,"8":2},"f":{"0":2,"1":2},"b":{}}
,"/Users/ayodejifakunle/Documents/github/findai-backend-ts-main/src/helpers/scraping.ts": {"path":"/Users/ayodejifakunle/Documents/github/findai-backend-ts-main/src/helpers/scraping.ts","statementMap":{"0":{"start":{"line":1,"column":0},"end":{"line":1,"column":35}},"1":{"start":{"line":2,"column":0},"end":{"line":2,"column":31}},"2":{"start":{"line":11,"column":26},"end":{"line":47,"column":2}},"3":{"start":{"line":11,"column":67},"end":{"line":47,"column":2}},"4":{"start":{"line":12,"column":2},"end":{"line":46,"column":null}},"5":{"start":{"line":13,"column":24},"end":{"line":13,"column":40}},"6":{"start":{"line":14,"column":21},"end":{"line":14,"column":45}},"7":{"start":{"line":15,"column":14},"end":{"line":15,"column":36}},"8":{"start":{"line":17,"column":18},"end":{"line":17,"column":35}},"9":{"start":{"line":20,"column":6},"end":{"line":21,"column":51}},"10":{"start":{"line":24,"column":6},"end":{"line":25,"column":39}},"11":{"start":{"line":27,"column":4},"end":{"line":29,"column":null}},"12":{"start":{"line":28,"column":6},"end":{"line":28,"column":73}},"13":{"start":{"line":31,"column":16},"end":{"line":31,"column":62}},"14":{"start":{"line":33,"column":4},"end":{"line":35,"column":null}},"15":{"start":{"line":34,"column":6},"end":{"line":34,"column":76}},"16":{"start":{"line":37,"column":4},"end":{"line":42,"column":6}},"17":{"start":{"line":44,"column":4},"end":{"line":44,"column":24}},"18":{"start":{"line":45,"column":4},"end":{"line":45,"column":42}},"19":{"start":{"line":49,"column":8},"end":{"line":49,"column":25}}},"fnMap":{"0":{"name":"(anonymous_14)","decl":{"start":{"line":11,"column":26},"end":{"line":11,"column":33}},"loc":{"start":{"line":11,"column":67},"end":{"line":47,"column":2}}},"1":{"name":"(anonymous_15)","decl":{"start":{"line":11,"column":67},"end":{"line":11,"column":null}},"loc":{"start":{"line":11,"column":67},"end":{"line":47,"column":1}}}},"branchMap":{"0":{"loc":{"start":{"line":20,"column":6},"end":{"line":21,"column":51}},"type":"binary-expr","locations":[{"start":{"line":20,"column":6},"end":{"line":20,"column":58}},{"start":{"line":21,"column":6},"end":{"line":21,"column":51}}]},"1":{"loc":{"start":{"line":24,"column":6},"end":{"line":25,"column":39}},"type":"binary-expr","locations":[{"start":{"line":24,"column":6},"end":{"line":24,"column":51}},{"start":{"line":25,"column":6},"end":{"line":25,"column":39}}]},"2":{"loc":{"start":{"line":27,"column":4},"end":{"line":29,"column":null}},"type":"if","locations":[{"start":{"line":27,"column":4},"end":{"line":29,"column":null}}]},"3":{"loc":{"start":{"line":27,"column":8},"end":{"line":27,"column":38}},"type":"binary-expr","locations":[{"start":{"line":27,"column":8},"end":{"line":27,"column":12}},{"start":{"line":27,"column":16},"end":{"line":27,"column":38}}]},"4":{"loc":{"start":{"line":28,"column":13},"end":{"line":28,"column":72}},"type":"cond-expr","locations":[{"start":{"line":28,"column":36},"end":{"line":28,"column":59}},{"start":{"line":28,"column":62},"end":{"line":28,"column":72}}]},"5":{"loc":{"start":{"line":33,"column":4},"end":{"line":35,"column":null}},"type":"if","locations":[{"start":{"line":33,"column":4},"end":{"line":35,"column":null}}]},"6":{"loc":{"start":{"line":33,"column":8},"end":{"line":33,"column":40}},"type":"binary-expr","locations":[{"start":{"line":33,"column":8},"end":{"line":33,"column":13}},{"start":{"line":33,"column":17},"end":{"line":33,"column":40}}]},"7":{"loc":{"start":{"line":34,"column":14},"end":{"line":34,"column":75}},"type":"cond-expr","locations":[{"start":{"line":34,"column":37},"end":{"line":34,"column":61}},{"start":{"line":34,"column":64},"end":{"line":34,"column":75}}]}},"s":{"0":2,"1":2,"2":2,"3":3,"4":3,"5":3,"6":3,"7":3,"8":3,"9":3,"10":3,"11":3,"12":0,"13":3,"14":3,"15":1,"16":3,"17":0,"18":0,"19":2},"f":{"0":3,"1":3},"b":{"0":[3,1],"1":[3,3],"2":[0],"3":[3,0],"4":[0,0],"5":[1],"6":[3,3],"7":[1,0]}}
,"/Users/ayodejifakunle/Documents/github/findai-backend-ts-main/src/helpers/validation.ts": {"path":"/Users/ayodejifakunle/Documents/github/findai-backend-ts-main/src/helpers/validation.ts","statementMap":{"0":{"start":{"line":1,"column":0},"end":{"line":1,"column":22}},"1":{"start":{"line":3,"column":0},"end":{"line":3,"column":31}},"2":{"start":{"line":5,"column":19},"end":{"line":19,"column":4}},"3":{"start":{"line":6,"column":2},"end":{"line":19,"column":4}},"4":{"start":{"line":7,"column":4},"end":{"line":18,"column":null}},"5":{"start":{"line":8,"column":6},"end":{"line":8,"column":53}},"6":{"start":{"line":9,"column":6},"end":{"line":9,"column":13}},"7":{"start":{"line":11,"column":6},"end":{"line":13,"column":null}},"8":{"start":{"line":12,"column":8},"end":{"line":12,"column":64}},"9":{"start":{"line":14,"column":6},"end":{"line":14,"column":26}},"10":{"start":{"line":15,"column":6},"end":{"line":17,"column":69}},"11":{"start":{"line":21,"column":0},"end":{"line":21,"column":26}}},"fnMap":{"0":{"name":"(anonymous_8)","decl":{"start":{"line":5,"column":19},"end":{"line":5,"column":20}},"loc":{"start":{"line":6,"column":2},"end":{"line":19,"column":4}}},"1":{"name":"(anonymous_9)","decl":{"start":{"line":6,"column":2},"end":{"line":6,"column":18}},"loc":{"start":{"line":6,"column":65},"end":{"line":19,"column":4}}}},"branchMap":{"0":{"loc":{"start":{"line":11,"column":6},"end":{"line":13,"column":null}},"type":"if","locations":[{"start":{"line":11,"column":6},"end":{"line":13,"column":null}}]}},"s":{"0":2,"1":2,"2":2,"3":10,"4":4,"5":4,"6":3,"7":1,"8":1,"9":0,"10":0,"11":2},"f":{"0":10,"1":4},"b":{"0":[1]}}
,"/Users/ayodejifakunle/Documents/github/findai-backend-ts-main/src/helpers/validator-schemas.ts": {"path":"/Users/ayodejifakunle/Documents/github/findai-backend-ts-main/src/helpers/validator-schemas.ts","statementMap":{"0":{"start":{"line":1,"column":0},"end":{"line":1,"column":22}},"1":{"start":{"line":3,"column":19},"end":{"line":5,"column":2}},"2":{"start":{"line":7,"column":14},"end":{"line":10,"column":2}},"3":{"start":{"line":12,"column":17},"end":{"line":18,"column":2}},"4":{"start":{"line":20,"column":22},"end":{"line":26,"column":2}},"5":{"start":{"line":28,"column":15},"end":{"line":31,"column":2}},"6":{"start":{"line":33,"column":18},"end":{"line":35,"column":2}},"7":{"start":{"line":37,"column":0},"end":{"line":44,"column":2}}},"fnMap":{},"branchMap":{},"s":{"0":2,"1":2,"2":2,"3":2,"4":2,"5":2,"6":2,"7":2},"f":{},"b":{}}
,"/Users/ayodejifakunle/Documents/github/findai-backend-ts-main/src/routes/airtable.ts": {"path":"/Users/ayodejifakunle/Documents/github/findai-backend-ts-main/src/routes/airtable.ts","statementMap":{"0":{"start":{"line":1,"column":0},"end":{"line":1,"column":30}},"1":{"start":{"line":2,"column":0},"end":{"line":2,"column":82}},"2":{"start":{"line":3,"column":0},"end":{"line":3,"column":45}},"3":{"start":{"line":4,"column":0},"end":{"line":4,"column":47}},"4":{"start":{"line":5,"column":0},"end":{"line":5,"column":38}},"5":{"start":{"line":7,"column":39},"end":{"line":7,"column":55}},"6":{"start":{"line":9,"column":0},"end":{"line":11,"column":64}},"7":{"start":{"line":13,"column":0},"end":{"line":13,"column":30}}},"fnMap":{},"branchMap":{},"s":{"0":2,"1":2,"2":2,"3":2,"4":2,"5":2,"6":2,"7":2},"f":{},"b":{}}
,"/Users/ayodejifakunle/Documents/github/findai-backend-ts-main/src/routes/tag.ts": {"path":"/Users/ayodejifakunle/Documents/github/findai-backend-ts-main/src/routes/tag.ts","statementMap":{"0":{"start":{"line":1,"column":0},"end":{"line":1,"column":30}},"1":{"start":{"line":2,"column":0},"end":{"line":2,"column":null}},"2":{"start":{"line":8,"column":34},"end":{"line":8,"column":50}},"3":{"start":{"line":10,"column":0},"end":{"line":10,"column":37}},"4":{"start":{"line":11,"column":0},"end":{"line":11,"column":51}},"5":{"start":{"line":12,"column":0},"end":{"line":12,"column":36}},"6":{"start":{"line":14,"column":0},"end":{"line":14,"column":25}}},"fnMap":{},"branchMap":{},"s":{"0":2,"1":2,"2":2,"3":2,"4":2,"5":2,"6":2},"f":{},"b":{}}
,"/Users/ayodejifakunle/Documents/github/findai-backend-ts-main/src/routes/tool.ts": {"path":"/Users/ayodejifakunle/Documents/github/findai-backend-ts-main/src/routes/tool.ts","statementMap":{"0":{"start":{"line":1,"column":0},"end":{"line":1,"column":30}},"1":{"start":{"line":2,"column":0},"end":{"line":2,"column":null}},"2":{"start":{"line":11,"column":0},"end":{"line":11,"column":47}},"3":{"start":{"line":12,"column":0},"end":{"line":12,"column":47}},"4":{"start":{"line":13,"column":0},"end":{"line":13,"column":45}},"5":{"start":{"line":14,"column":0},"end":{"line":14,"column":47}},"6":{"start":{"line":15,"column":0},"end":{"line":15,"column":36}},"7":{"start":{"line":17,"column":35},"end":{"line":17,"column":51}},"8":{"start":{"line":19,"column":0},"end":{"line":19,"column":80}},"9":{"start":{"line":20,"column":0},"end":{"line":20,"column":60}},"10":{"start":{"line":21,"column":0},"end":{"line":21,"column":64}},"11":{"start":{"line":22,"column":0},"end":{"line":22,"column":43}},"12":{"start":{"line":23,"column":0},"end":{"line":23,"column":79}},"13":{"start":{"line":24,"column":0},"end":{"line":24,"column":54}},"14":{"start":{"line":25,"column":0},"end":{"line":25,"column":48}},"15":{"start":{"line":27,"column":0},"end":{"line":27,"column":26}}},"fnMap":{},"branchMap":{},"s":{"0":2,"1":2,"2":2,"3":2,"4":2,"5":2,"6":2,"7":2,"8":2,"9":2,"10":2,"11":2,"12":2,"13":2,"14":2,"15":2},"f":{},"b":{}}
,"/Users/ayodejifakunle/Documents/github/findai-backend-ts-main/src/routes/user.ts": {"path":"/Users/ayodejifakunle/Documents/github/findai-backend-ts-main/src/routes/user.ts","statementMap":{"0":{"start":{"line":1,"column":0},"end":{"line":1,"column":30}},"1":{"start":{"line":2,"column":0},"end":{"line":2,"column":null}},"2":{"start":{"line":12,"column":0},"end":{"line":12,"column":47}},"3":{"start":{"line":13,"column":0},"end":{"line":13,"column":47}},"4":{"start":{"line":14,"column":0},"end":{"line":14,"column":38}},"5":{"start":{"line":15,"column":0},"end":{"line":15,"column":47}},"6":{"start":{"line":16,"column":0},"end":{"line":16,"column":45}},"7":{"start":{"line":18,"column":35},"end":{"line":18,"column":51}},"8":{"start":{"line":20,"column":0},"end":{"line":20,"column":51}},"9":{"start":{"line":21,"column":0},"end":{"line":21,"column":80}},"10":{"start":{"line":22,"column":0},"end":{"line":22,"column":80}},"11":{"start":{"line":23,"column":0},"end":{"line":23,"column":61}},"12":{"start":{"line":24,"column":0},"end":{"line":24,"column":71}},"13":{"start":{"line":25,"column":0},"end":{"line":25,"column":66}},"14":{"start":{"line":26,"column":0},"end":{"line":26,"column":51}},"15":{"start":{"line":27,"column":0},"end":{"line":27,"column":75}},"16":{"start":{"line":28,"column":0},"end":{"line":28,"column":26}}},"fnMap":{},"branchMap":{},"s":{"0":2,"1":2,"2":2,"3":2,"4":2,"5":2,"6":2,"7":2,"8":2,"9":2,"10":2,"11":2,"12":2,"13":2,"14":2,"15":2,"16":2},"f":{},"b":{}}
}
