TN:
SF:src/app.ts
FN:24,(anonymous_7)
FNF:1
FNH:0
FNDA:0,(anonymous_7)
DA:1,3
DA:2,3
DA:3,3
DA:4,3
DA:5,3
DA:6,3
DA:7,3
DA:9,3
DA:10,3
DA:14,3
DA:16,3
DA:18,3
DA:19,3
DA:20,3
DA:21,3
DA:22,3
DA:23,3
DA:24,3
DA:25,0
DA:28,3
LF:20
LH:19
BRDA:9,0,0,0
BRDA:9,0,1,3
BRDA:9,1,0,3
BRDA:9,1,1,3
BRF:4
BRH:3
end_of_record
TN:
SF:src/db.ts
FNF:0
FNH:0
DA:1,3
DA:7,3
DA:9,3
LF:3
LH:3
BRF:0
BRH:0
end_of_record
TN:
SF:src/logger.ts
FNF:0
FNH:0
DA:1,3
DA:3,3
DA:25,3
LF:3
LH:3
BRF:0
BRH:0
end_of_record
TN:
SF:src/router.ts
FNF:0
FNH:0
DA:1,3
DA:2,3
DA:3,3
DA:4,3
DA:5,3
DA:7,3
DA:9,3
DA:10,3
DA:11,3
DA:12,3
DA:14,3
LF:11
LH:11
BRF:0
BRH:0
end_of_record
TN:
SF:src/controllers/airtable-controller.ts
FN:7,(anonymous_8)
FN:7,(anonymous_9)
FN:27,(anonymous_10)
FN:27,(anonymous_11)
FN:47,(anonymous_12)
FN:47,(anonymous_13)
FNF:6
FNH:6
FNDA:1,(anonymous_8)
FNDA:1,(anonymous_9)
FNDA:2,(anonymous_10)
FNDA:2,(anonymous_11)
FNDA:1,(anonymous_12)
FNDA:1,(anonymous_13)
DA:2,3
DA:4,3
DA:5,3
DA:7,3
DA:8,1
DA:9,1
DA:19,1
DA:20,1
DA:22,0
DA:23,0
DA:27,3
DA:28,2
DA:29,2
DA:39,2
DA:40,2
DA:42,0
DA:43,0
DA:47,3
DA:48,1
DA:49,1
DA:50,1
DA:51,1
DA:52,1
DA:53,1
DA:58,0
DA:59,0
DA:67,3
DA:68,3
DA:69,3
LF:29
LH:23
BRF:0
BRH:0
end_of_record
TN:
SF:src/controllers/tag-controller.ts
FN:9,(anonymous_14)
FN:9,(anonymous_15)
FN:17,(anonymous_16)
FN:17,(anonymous_17)
FN:25,(anonymous_18)
FN:25,(anonymous_19)
FN:54,(anonymous_20)
FN:54,(anonymous_21)
FN:66,(anonymous_22)
FN:66,(anonymous_23)
FN:82,(anonymous_24)
FN:82,(anonymous_25)
FNF:12
FNH:6
FNDA:1,(anonymous_14)
FNDA:1,(anonymous_15)
FNDA:1,(anonymous_16)
FNDA:1,(anonymous_17)
FNDA:1,(anonymous_18)
FNDA:1,(anonymous_19)
FNDA:0,(anonymous_20)
FNDA:0,(anonymous_21)
FNDA:0,(anonymous_22)
FNDA:0,(anonymous_23)
FNDA:0,(anonymous_24)
FNDA:0,(anonymous_25)
DA:2,3
DA:4,3
DA:5,3
DA:6,3
DA:7,3
DA:9,3
DA:10,1
DA:17,3
DA:18,1
DA:25,3
DA:26,1
DA:27,1
DA:28,1
DA:29,10
DA:32,10
DA:33,0
DA:37,10
DA:46,1
DA:47,1
DA:49,0
DA:50,0
DA:54,3
DA:55,0
DA:57,0
DA:58,0
DA:59,0
DA:61,0
DA:62,0
DA:66,3
DA:67,0
DA:68,0
DA:72,0
DA:73,0
DA:75,0
DA:76,0
DA:82,3
DA:83,0
DA:84,0
DA:89,0
DA:91,0
DA:92,0
DA:96,3
LF:42
LH:22
BRDA:32,0,0,0
BRDA:32,0,1,10
BRF:2
BRH:1
end_of_record
TN:
SF:src/controllers/tool-controller.ts
FN:15,(anonymous_14)
FN:15,(anonymous_15)
FN:24,(anonymous_16)
FN:24,(anonymous_17)
FN:32,(anonymous_18)
FN:32,(anonymous_19)
FN:61,(anonymous_20)
FN:79,(anonymous_21)
FN:142,(anonymous_22)
FN:142,(anonymous_23)
FN:157,(anonymous_24)
FN:157,(anonymous_25)
FN:169,(anonymous_26)
FN:169,(anonymous_27)
FN:177,(anonymous_28)
FN:198,(anonymous_29)
FN:198,(anonymous_30)
FN:204,(anonymous_31)
FN:216,(anonymous_32)
FN:216,(anonymous_33)
FN:225,(anonymous_34)
FN:225,(anonymous_35)
FN:256,(anonymous_36)
FN:256,(anonymous_37)
FNF:24
FNH:10
FNDA:2,(anonymous_14)
FNDA:2,(anonymous_15)
FNDA:2,(anonymous_16)
FNDA:2,(anonymous_17)
FNDA:2,(anonymous_18)
FNDA:2,(anonymous_19)
FNDA:8,(anonymous_20)
FNDA:8,(anonymous_21)
FNDA:1,(anonymous_22)
FNDA:1,(anonymous_23)
FNDA:0,(anonymous_24)
FNDA:0,(anonymous_25)
FNDA:0,(anonymous_26)
FNDA:0,(anonymous_27)
FNDA:0,(anonymous_28)
FNDA:0,(anonymous_29)
FNDA:0,(anonymous_30)
FNDA:0,(anonymous_31)
FNDA:0,(anonymous_32)
FNDA:0,(anonymous_33)
FNDA:0,(anonymous_34)
FNDA:0,(anonymous_35)
FNDA:0,(anonymous_36)
FNDA:0,(anonymous_37)
DA:1,3
DA:2,3
DA:5,3
DA:6,3
DA:10,3
DA:11,3
DA:13,3
DA:15,3
DA:16,2
DA:17,2
DA:18,2
DA:20,0
DA:24,3
DA:25,2
DA:32,3
DA:33,2
DA:34,2
DA:35,2
DA:36,2
DA:38,6
DA:39,0
DA:44,6
DA:47,6
DA:61,8
DA:79,8
DA:134,2
DA:135,2
DA:137,0
DA:138,0
DA:142,3
DA:143,1
DA:144,1
DA:145,1
DA:147,1
DA:152,0
DA:153,0
DA:157,3
DA:158,0
DA:159,0
DA:162,0
DA:164,0
DA:165,0
DA:169,3
DA:170,0
DA:171,0
DA:172,0
DA:173,0
DA:175,0
DA:176,0
DA:177,0
DA:180,0
DA:182,0
DA:191,0
DA:193,0
DA:194,0
DA:198,3
DA:199,0
DA:200,0
DA:205,0
DA:206,0
DA:211,0
DA:212,0
DA:216,3
DA:217,0
DA:218,0
DA:220,0
DA:221,0
DA:225,3
DA:226,0
DA:227,0
DA:228,0
DA:229,0
DA:234,0
DA:235,0
DA:245,0
DA:249,0
DA:250,0
DA:256,3
DA:257,0
DA:258,0
DA:259,0
DA:260,0
DA:264,0
DA:265,0
DA:275,0
DA:277,0
DA:278,0
DA:285,3
DA:286,3
DA:287,3
DA:288,3
DA:289,3
DA:290,3
DA:291,3
DA:292,3
LF:95
LH:44
BRDA:38,0,0,0
BRDA:38,0,1,6
BRDA:38,1,0,6
BRDA:38,1,1,6
BRDA:56,2,0,6
BRDA:56,2,1,6
BRDA:56,2,2,0
BRDA:61,3,0,0
BRDA:61,3,1,6
BRDA:61,4,0,6
BRDA:61,4,1,6
BRDA:79,5,0,0
BRDA:79,5,1,6
BRDA:79,6,0,6
BRDA:79,6,1,6
BRDA:176,7,0,0
BRDA:185,8,0,0
BRDA:185,8,1,0
BRDA:205,9,0,0
BRDA:228,10,0,0
BRDA:259,11,0,0
BRF:21
BRH:11
end_of_record
TN:
SF:src/controllers/user-controller.ts
FN:10,(anonymous_8)
FN:10,(anonymous_9)
FN:31,(anonymous_10)
FN:31,(anonymous_11)
FN:43,(anonymous_12)
FN:43,(anonymous_13)
FN:81,(anonymous_14)
FN:81,(anonymous_15)
FN:118,(anonymous_16)
FN:118,(anonymous_17)
FN:138,(anonymous_18)
FN:138,(anonymous_19)
FN:148,(anonymous_20)
FN:148,(anonymous_21)
FN:167,(anonymous_22)
FN:167,(anonymous_23)
FNF:16
FNH:4
FNDA:0,(anonymous_8)
FNDA:0,(anonymous_9)
FNDA:0,(anonymous_10)
FNDA:0,(anonymous_11)
FNDA:2,(anonymous_12)
FNDA:2,(anonymous_13)
FNDA:2,(anonymous_14)
FNDA:2,(anonymous_15)
FNDA:0,(anonymous_16)
FNDA:0,(anonymous_17)
FNDA:0,(anonymous_18)
FNDA:0,(anonymous_19)
FNDA:0,(anonymous_20)
FNDA:0,(anonymous_21)
FNDA:0,(anonymous_22)
FNDA:0,(anonymous_23)
DA:2,3
DA:3,3
DA:4,3
DA:5,3
DA:6,3
DA:7,3
DA:8,3
DA:10,3
DA:11,0
DA:12,0
DA:15,0
DA:16,0
DA:20,0
DA:21,0
DA:26,0
DA:27,0
DA:31,3
DA:32,0
DA:33,0
DA:34,0
DA:36,0
DA:37,0
DA:43,3
DA:44,2
DA:45,2
DA:46,2
DA:48,2
DA:49,2
DA:61,1
DA:67,1
DA:71,1
DA:73,0
DA:74,0
DA:75,0
DA:81,3
DA:82,2
DA:83,2
DA:86,2
DA:87,2
DA:88,0
DA:92,2
DA:96,2
DA:97,2
DA:107,2
DA:109,0
DA:112,0
DA:113,0
DA:114,0
DA:118,3
DA:119,0
DA:120,0
DA:121,0
DA:122,0
DA:126,0
DA:127,0
DA:132,0
DA:134,0
DA:138,3
DA:139,0
DA:140,0
DA:141,0
DA:143,0
DA:144,0
DA:148,3
DA:149,0
DA:150,0
DA:151,0
DA:155,0
DA:156,0
DA:157,0
DA:160,0
DA:161,0
DA:167,3
DA:168,0
DA:169,0
DA:170,0
DA:175,0
DA:187,0
DA:188,0
DA:190,0
DA:191,0
DA:193,0
DA:194,0
DA:201,3
DA:202,3
DA:203,3
DA:204,3
DA:205,3
DA:206,3
DA:207,3
DA:208,3
LF:91
LH:39
BRDA:15,0,0,0
BRDA:67,1,0,1
BRDA:68,2,0,1
BRDA:68,2,1,1
BRDA:74,3,0,0
BRDA:87,4,0,0
BRDA:87,5,0,2
BRDA:87,5,1,2
BRDA:96,6,0,2
BRDA:96,6,1,0
BRDA:121,7,0,0
BRDA:121,8,0,0
BRDA:121,8,1,0
BRDA:126,9,0,0
BRDA:155,10,0,0
BRDA:156,11,0,0
BRDA:169,12,0,0
BRDA:169,13,0,0
BRDA:169,13,1,0
BRDA:180,14,0,0
BRDA:180,14,1,0
BRDA:181,15,0,0
BRDA:181,15,1,0
BRDA:182,16,0,0
BRDA:182,16,1,0
BRDA:187,17,0,0
BRF:26
BRH:6
end_of_record
TN:
SF:src/helpers/authentication.ts
FN:9,(anonymous_14)
FN:13,(anonymous_15)
FNF:2
FNH:2
FNDA:4,(anonymous_14)
FNDA:4,(anonymous_15)
DA:1,3
DA:4,3
DA:5,3
DA:7,3
DA:9,3
DA:13,4
DA:14,4
DA:15,0
DA:18,4
DA:19,0
DA:21,4
DA:23,4
DA:24,4
DA:28,2
DA:29,0
DA:30,0
DA:34,2
DA:37,2
DA:38,0
DA:43,2
DA:44,0
DA:49,2
DA:50,2
DA:52,2
DA:59,3
LF:25
LH:19
BRDA:14,0,0,0
BRDA:18,1,0,0
BRDA:18,1,1,4
BRDA:18,2,0,4
BRDA:18,2,1,0
BRDA:28,3,0,0
BRDA:37,4,0,0
BRDA:43,5,0,0
BRF:8
BRH:2
end_of_record
TN:
SF:src/helpers/authorization.ts
FN:11,(anonymous_7)
FN:11,(anonymous_8)
FN:11,(anonymous_9)
FNF:3
FNH:3
FNDA:12,(anonymous_7)
FNDA:2,(anonymous_8)
FNDA:2,(anonymous_9)
DA:5,3
DA:11,12
DA:12,2
DA:13,2
DA:14,2
DA:16,0
DA:22,3
LF:7
LH:6
BRDA:13,0,0,2
BRDA:13,0,1,0
BRF:2
BRH:1
end_of_record
TN:
SF:src/helpers/conversion.ts
FN:3,(anonymous_0)
FN:22,(anonymous_1)
FNF:2
FNH:0
FNDA:0,(anonymous_0)
FNDA:0,(anonymous_1)
DA:3,3
DA:11,0
DA:12,0
DA:13,0
DA:14,0
DA:15,0
DA:17,0
DA:19,0
DA:22,3
DA:25,0
DA:26,0
DA:27,0
DA:28,0
DA:33,0
DA:34,0
DA:40,0
DA:44,3
LF:17
LH:3
BRDA:12,0,0,0
BRDA:12,0,1,0
BRDA:14,1,0,0
BRDA:14,1,1,0
BRDA:25,2,0,0
BRDA:25,2,1,0
BRDA:27,3,0,0
BRDA:27,3,1,0
BRDA:33,4,0,0
BRDA:33,4,1,0
BRF:10
BRH:0
end_of_record
TN:
SF:src/helpers/email.ts
FN:11,(anonymous_8)
FN:11,(anonymous_9)
FNF:2
FNH:2
FNDA:2,(anonymous_8)
FNDA:2,(anonymous_9)
DA:1,3
DA:2,3
DA:11,3
DA:12,2
DA:13,2
DA:18,2
DA:26,0
DA:32,3
LF:8
LH:7
BRF:0
BRH:0
end_of_record
TN:
SF:src/helpers/scraping.ts
FN:11,(anonymous_14)
FN:11,(anonymous_15)
FNF:2
FNH:2
FNDA:6,(anonymous_14)
FNDA:6,(anonymous_15)
DA:1,3
DA:2,3
DA:11,6
DA:12,6
DA:13,6
DA:14,6
DA:15,6
DA:17,6
DA:20,6
DA:24,6
DA:27,6
DA:28,0
DA:31,6
DA:33,6
DA:34,2
DA:37,6
DA:44,0
DA:45,0
DA:49,3
LF:19
LH:16
BRDA:20,0,0,6
BRDA:20,0,1,2
BRDA:24,1,0,6
BRDA:24,1,1,6
BRDA:27,2,0,0
BRDA:27,3,0,6
BRDA:27,3,1,0
BRDA:28,4,0,0
BRDA:28,4,1,0
BRDA:33,5,0,2
BRDA:33,6,0,6
BRDA:33,6,1,6
BRDA:34,7,0,2
BRDA:34,7,1,0
BRF:14
BRH:9
end_of_record
TN:
SF:src/helpers/validation.ts
FN:5,(anonymous_8)
FN:6,(anonymous_9)
FNF:2
FNH:2
FNDA:15,(anonymous_8)
FNDA:5,(anonymous_9)
DA:1,3
DA:3,3
DA:5,3
DA:6,15
DA:7,5
DA:8,5
DA:9,4
DA:11,1
DA:12,1
DA:14,0
DA:15,0
DA:21,3
LF:12
LH:10
BRDA:11,0,0,1
BRF:1
BRH:1
end_of_record
TN:
SF:src/helpers/validator-schemas.ts
FNF:0
FNH:0
DA:1,3
DA:3,3
DA:7,3
DA:12,3
DA:20,3
DA:28,3
DA:33,3
DA:37,3
LF:8
LH:8
BRF:0
BRH:0
end_of_record
TN:
SF:src/routes/airtable.ts
FNF:0
FNH:0
DA:1,3
DA:2,3
DA:3,3
DA:4,3
DA:5,3
DA:7,3
DA:9,3
DA:13,3
LF:8
LH:8
BRF:0
BRH:0
end_of_record
TN:
SF:src/routes/tag.ts
FNF:0
FNH:0
DA:1,3
DA:2,3
DA:8,3
DA:10,3
DA:11,3
DA:12,3
DA:14,3
LF:7
LH:7
BRF:0
BRH:0
end_of_record
TN:
SF:src/routes/tool.ts
FNF:0
FNH:0
DA:1,3
DA:2,3
DA:11,3
DA:12,3
DA:13,3
DA:14,3
DA:15,3
DA:17,3
DA:19,3
DA:20,3
DA:21,3
DA:22,3
DA:23,3
DA:24,3
DA:25,3
DA:27,3
LF:16
LH:16
BRF:0
BRH:0
end_of_record
TN:
SF:src/routes/user.ts
FNF:0
FNH:0
DA:1,3
DA:2,3
DA:12,3
DA:13,3
DA:14,3
DA:15,3
DA:16,3
DA:18,3
DA:20,3
DA:21,3
DA:22,3
DA:23,3
DA:24,3
DA:25,3
DA:26,3
DA:27,3
DA:28,3
LF:17
LH:17
BRF:0
BRH:0
end_of_record
