TN:
SF:src/app.ts
FN:24,(anonymous_7)
FNF:1
FNH:0
FNDA:0,(anonymous_7)
DA:1,3
DA:2,3
DA:3,3
DA:4,3
DA:5,3
DA:6,3
DA:7,3
DA:9,3
DA:10,3
DA:14,3
DA:16,3
DA:18,3
DA:19,3
DA:20,3
DA:21,3
DA:22,3
DA:23,3
DA:24,3
DA:25,0
DA:28,3
LF:20
LH:19
BRF:0
BRH:0
end_of_record
TN:
SF:src/db.ts
FNF:0
FNH:0
DA:1,3
DA:7,3
DA:9,3
LF:3
LH:3
BRF:0
BRH:0
end_of_record
TN:
SF:src/logger.ts
FNF:0
FNH:0
DA:1,3
DA:3,3
DA:25,3
LF:3
LH:3
BRF:0
BRH:0
end_of_record
TN:
SF:src/router.ts
FNF:0
FNH:0
DA:1,3
DA:2,3
DA:3,3
DA:4,3
DA:5,3
DA:7,3
DA:9,3
DA:10,3
DA:11,3
DA:12,3
DA:14,3
LF:11
LH:11
BRF:0
BRH:0
end_of_record
TN:
SF:src/controllers/airtable-controller.ts
FN:12,(anonymous_8)
FN:12,(anonymous_9)
FN:32,(anonymous_10)
FN:32,(anonymous_11)
FN:52,(anonymous_12)
FN:52,(anonymous_13)
FN:73,(anonymous_14)
FN:73,(anonymous_15)
FNF:8
FNH:8
FNDA:1,(anonymous_8)
FNDA:1,(anonymous_9)
FNDA:2,(anonymous_10)
FNDA:2,(anonymous_11)
FNDA:1,(anonymous_12)
FNDA:1,(anonymous_13)
FNDA:1,(anonymous_14)
FNDA:1,(anonymous_15)
DA:2,3
DA:8,3
DA:9,3
DA:10,3
DA:12,3
DA:13,1
DA:14,1
DA:24,1
DA:25,1
DA:27,0
DA:28,0
DA:32,3
DA:33,2
DA:34,2
DA:44,2
DA:45,2
DA:47,0
DA:48,0
DA:52,3
DA:53,1
DA:54,1
DA:64,1
DA:65,1
DA:66,1
DA:68,0
DA:69,0
DA:73,3
DA:74,1
DA:75,1
DA:76,1
DA:77,1
DA:78,1
DA:79,1
DA:80,1
DA:81,1
DA:86,0
DA:87,0
DA:95,3
DA:96,3
DA:97,3
DA:98,3
LF:41
LH:33
BRF:0
BRH:0
end_of_record
TN:
SF:src/controllers/category-controller.ts
FN:4,(anonymous_8)
FN:4,(anonymous_9)
FN:10,(anonymous_10)
FN:10,(anonymous_11)
FN:16,(anonymous_12)
FN:16,(anonymous_13)
FNF:6
FNH:6
FNDA:1,(anonymous_8)
FNDA:1,(anonymous_9)
FNDA:1,(anonymous_10)
FNDA:1,(anonymous_11)
FNDA:1,(anonymous_12)
FNDA:1,(anonymous_13)
DA:1,3
DA:4,3
DA:5,1
DA:10,3
DA:11,1
DA:16,3
DA:17,1
DA:18,1
DA:19,1
DA:20,3
DA:23,3
DA:24,0
DA:32,3
DA:41,1
DA:42,1
DA:44,0
DA:45,0
DA:49,3
LF:18
LH:15
BRDA:23,0,0,0
BRDA:23,0,1,3
BRF:2
BRH:1
end_of_record
TN:
SF:src/controllers/tag-controller.ts
FN:9,(anonymous_14)
FN:9,(anonymous_15)
FN:17,(anonymous_16)
FN:17,(anonymous_17)
FN:25,(anonymous_18)
FN:25,(anonymous_19)
FN:54,(anonymous_20)
FN:54,(anonymous_21)
FN:66,(anonymous_22)
FN:66,(anonymous_23)
FN:82,(anonymous_24)
FN:82,(anonymous_25)
FNF:12
FNH:6
FNDA:1,(anonymous_14)
FNDA:1,(anonymous_15)
FNDA:1,(anonymous_16)
FNDA:1,(anonymous_17)
FNDA:1,(anonymous_18)
FNDA:1,(anonymous_19)
FNDA:0,(anonymous_20)
FNDA:0,(anonymous_21)
FNDA:0,(anonymous_22)
FNDA:0,(anonymous_23)
FNDA:0,(anonymous_24)
FNDA:0,(anonymous_25)
DA:2,3
DA:4,3
DA:5,3
DA:6,3
DA:7,3
DA:9,3
DA:10,1
DA:17,3
DA:18,1
DA:25,3
DA:26,1
DA:27,1
DA:28,1
DA:29,10
DA:32,10
DA:33,0
DA:37,10
DA:46,1
DA:47,1
DA:49,0
DA:50,0
DA:54,3
DA:55,0
DA:57,0
DA:58,0
DA:59,0
DA:61,0
DA:62,0
DA:66,3
DA:67,0
DA:68,0
DA:72,0
DA:73,0
DA:75,0
DA:76,0
DA:82,3
DA:83,0
DA:84,0
DA:89,0
DA:91,0
DA:92,0
DA:96,3
LF:42
LH:22
BRDA:32,0,0,0
BRDA:32,0,1,10
BRF:2
BRH:1
end_of_record
TN:
SF:src/controllers/tool-controller.ts
FN:16,(anonymous_14)
FN:16,(anonymous_15)
FN:25,(anonymous_16)
FN:25,(anonymous_17)
FN:33,(anonymous_18)
FN:33,(anonymous_19)
FN:62,(anonymous_20)
FN:80,(anonymous_21)
FN:143,(anonymous_22)
FN:143,(anonymous_23)
FN:158,(anonymous_24)
FN:158,(anonymous_25)
FN:170,(anonymous_26)
FN:170,(anonymous_27)
FN:179,(anonymous_28)
FN:200,(anonymous_29)
FN:200,(anonymous_30)
FN:206,(anonymous_31)
FN:218,(anonymous_32)
FN:218,(anonymous_33)
FN:227,(anonymous_34)
FN:227,(anonymous_35)
FN:258,(anonymous_36)
FN:258,(anonymous_37)
FNF:24
FNH:12
FNDA:2,(anonymous_14)
FNDA:2,(anonymous_15)
FNDA:2,(anonymous_16)
FNDA:2,(anonymous_17)
FNDA:2,(anonymous_18)
FNDA:2,(anonymous_19)
FNDA:8,(anonymous_20)
FNDA:8,(anonymous_21)
FNDA:1,(anonymous_22)
FNDA:1,(anonymous_23)
FNDA:0,(anonymous_24)
FNDA:0,(anonymous_25)
FNDA:1,(anonymous_26)
FNDA:1,(anonymous_27)
FNDA:0,(anonymous_28)
FNDA:0,(anonymous_29)
FNDA:0,(anonymous_30)
FNDA:0,(anonymous_31)
FNDA:0,(anonymous_32)
FNDA:0,(anonymous_33)
FNDA:0,(anonymous_34)
FNDA:0,(anonymous_35)
FNDA:0,(anonymous_36)
FNDA:0,(anonymous_37)
DA:1,3
DA:2,3
DA:5,3
DA:6,3
DA:11,3
DA:12,3
DA:14,3
DA:16,3
DA:17,2
DA:18,2
DA:19,2
DA:21,0
DA:25,3
DA:26,2
DA:33,3
DA:34,2
DA:35,2
DA:36,2
DA:37,2
DA:39,6
DA:40,0
DA:45,6
DA:48,6
DA:62,8
DA:80,8
DA:135,2
DA:136,2
DA:138,0
DA:139,0
DA:143,3
DA:144,1
DA:145,1
DA:146,1
DA:148,1
DA:153,0
DA:154,0
DA:158,3
DA:159,0
DA:160,0
DA:163,0
DA:165,0
DA:166,0
DA:170,3
DA:171,1
DA:172,1
DA:174,1
DA:175,1
DA:177,1
DA:178,1
DA:179,0
DA:182,1
DA:184,1
DA:193,1
DA:195,0
DA:196,0
DA:200,3
DA:201,0
DA:202,0
DA:207,0
DA:208,0
DA:213,0
DA:214,0
DA:218,3
DA:219,0
DA:220,0
DA:222,0
DA:223,0
DA:227,3
DA:228,0
DA:229,0
DA:230,0
DA:231,0
DA:236,0
DA:237,0
DA:247,0
DA:251,0
DA:252,0
DA:258,3
DA:259,0
DA:260,0
DA:261,0
DA:262,0
DA:266,0
DA:267,0
DA:277,0
DA:279,0
DA:280,0
DA:287,3
DA:288,3
DA:289,3
DA:290,3
DA:291,3
DA:292,3
DA:293,3
DA:294,3
LF:95
LH:53
BRDA:39,0,0,0
BRDA:39,0,1,6
BRDA:39,1,0,6
BRDA:39,1,1,6
BRDA:57,2,0,6
BRDA:57,2,1,6
BRDA:57,2,2,0
BRDA:62,3,0,0
BRDA:62,3,1,6
BRDA:62,4,0,6
BRDA:62,4,1,6
BRDA:80,5,0,0
BRDA:80,5,1,6
BRDA:80,6,0,6
BRDA:80,6,1,6
BRDA:178,7,0,0
BRDA:187,8,0,1
BRDA:187,8,1,1
BRDA:207,9,0,0
BRDA:230,10,0,0
BRDA:261,11,0,0
BRF:21
BRH:13
end_of_record
TN:
SF:src/controllers/user-controller.ts
FN:10,(anonymous_8)
FN:10,(anonymous_9)
FN:31,(anonymous_10)
FN:31,(anonymous_11)
FN:43,(anonymous_12)
FN:43,(anonymous_13)
FN:81,(anonymous_14)
FN:81,(anonymous_15)
FN:116,(anonymous_16)
FN:116,(anonymous_17)
FN:136,(anonymous_18)
FN:136,(anonymous_19)
FN:146,(anonymous_20)
FN:146,(anonymous_21)
FN:165,(anonymous_22)
FN:165,(anonymous_23)
FNF:16
FNH:4
FNDA:0,(anonymous_8)
FNDA:0,(anonymous_9)
FNDA:0,(anonymous_10)
FNDA:0,(anonymous_11)
FNDA:2,(anonymous_12)
FNDA:2,(anonymous_13)
FNDA:2,(anonymous_14)
FNDA:2,(anonymous_15)
FNDA:0,(anonymous_16)
FNDA:0,(anonymous_17)
FNDA:0,(anonymous_18)
FNDA:0,(anonymous_19)
FNDA:0,(anonymous_20)
FNDA:0,(anonymous_21)
FNDA:0,(anonymous_22)
FNDA:0,(anonymous_23)
DA:2,3
DA:3,3
DA:4,3
DA:5,3
DA:6,3
DA:7,3
DA:8,3
DA:10,3
DA:11,0
DA:12,0
DA:15,0
DA:16,0
DA:20,0
DA:21,0
DA:26,0
DA:27,0
DA:31,3
DA:32,0
DA:33,0
DA:34,0
DA:36,0
DA:37,0
DA:43,3
DA:44,2
DA:45,2
DA:46,2
DA:48,2
DA:49,2
DA:61,1
DA:67,1
DA:71,1
DA:73,0
DA:74,0
DA:75,0
DA:81,3
DA:82,2
DA:83,2
DA:86,2
DA:87,0
DA:91,2
DA:95,2
DA:96,2
DA:106,2
DA:108,0
DA:111,0
DA:112,0
DA:116,3
DA:117,0
DA:118,0
DA:119,0
DA:120,0
DA:124,0
DA:125,0
DA:130,0
DA:132,0
DA:136,3
DA:137,0
DA:138,0
DA:139,0
DA:141,0
DA:142,0
DA:146,3
DA:147,0
DA:148,0
DA:149,0
DA:153,0
DA:154,0
DA:155,0
DA:158,0
DA:159,0
DA:165,3
DA:166,0
DA:167,0
DA:168,0
DA:173,0
DA:185,0
DA:186,0
DA:188,0
DA:189,0
DA:191,0
DA:192,0
DA:199,3
DA:200,3
DA:201,3
DA:202,3
DA:203,3
DA:204,3
DA:205,3
DA:206,3
LF:89
LH:38
BRDA:15,0,0,0
BRDA:67,1,0,1
BRDA:68,2,0,1
BRDA:68,2,1,1
BRDA:74,3,0,0
BRDA:86,4,0,0
BRDA:86,5,0,2
BRDA:86,5,1,2
BRDA:95,6,0,2
BRDA:95,6,1,0
BRDA:119,7,0,0
BRDA:119,8,0,0
BRDA:119,8,1,0
BRDA:124,9,0,0
BRDA:153,10,0,0
BRDA:154,11,0,0
BRDA:167,12,0,0
BRDA:167,13,0,0
BRDA:167,13,1,0
BRDA:178,14,0,0
BRDA:178,14,1,0
BRDA:179,15,0,0
BRDA:179,15,1,0
BRDA:180,16,0,0
BRDA:180,16,1,0
BRDA:185,17,0,0
BRF:26
BRH:6
end_of_record
TN:
SF:src/helpers/authentication.ts
FN:9,(anonymous_14)
FN:13,(anonymous_15)
FNF:2
FNH:2
FNDA:4,(anonymous_14)
FNDA:4,(anonymous_15)
DA:1,3
DA:4,3
DA:5,3
DA:7,3
DA:9,3
DA:13,4
DA:14,4
DA:15,0
DA:18,4
DA:19,0
DA:21,4
DA:23,4
DA:24,4
DA:28,2
DA:29,0
DA:30,0
DA:34,2
DA:37,2
DA:38,0
DA:43,2
DA:44,0
DA:49,2
DA:50,2
DA:52,2
DA:59,3
LF:25
LH:19
BRDA:14,0,0,0
BRDA:18,1,0,0
BRDA:18,1,1,4
BRDA:18,2,0,4
BRDA:18,2,1,0
BRDA:28,3,0,0
BRDA:37,4,0,0
BRDA:43,5,0,0
BRF:8
BRH:2
end_of_record
TN:
SF:src/helpers/authorization.ts
FN:11,(anonymous_7)
FN:11,(anonymous_8)
FN:11,(anonymous_9)
FNF:3
FNH:3
FNDA:12,(anonymous_7)
FNDA:2,(anonymous_8)
FNDA:2,(anonymous_9)
DA:5,3
DA:11,12
DA:12,2
DA:13,2
DA:14,2
DA:16,0
DA:22,3
LF:7
LH:6
BRDA:13,0,0,2
BRDA:13,0,1,0
BRF:2
BRH:1
end_of_record
TN:
SF:src/helpers/conversion.ts
FN:3,(anonymous_0)
FN:22,(anonymous_1)
FN:44,(anonymous_2)
FN:45,(anonymous_3)
FNF:4
FNH:3
FNDA:1,(anonymous_0)
FNDA:1,(anonymous_1)
FNDA:1,(anonymous_2)
FNDA:0,(anonymous_3)
DA:3,3
DA:11,1
DA:12,1
DA:13,1
DA:14,0
DA:15,0
DA:17,0
DA:19,1
DA:22,3
DA:25,1
DA:26,1
DA:27,0
DA:28,0
DA:33,0
DA:34,0
DA:40,0
DA:44,3
DA:45,1
DA:46,0
DA:47,0
DA:48,0
DA:51,1
DA:55,3
DA:56,3
DA:57,3
LF:25
LH:14
BRDA:12,0,0,1
BRDA:12,0,1,0
BRDA:14,1,0,0
BRDA:14,1,1,0
BRDA:25,2,0,1
BRDA:25,2,1,0
BRDA:27,3,0,0
BRDA:27,3,1,0
BRDA:33,4,0,0
BRDA:33,4,1,0
BRDA:47,5,0,0
BRDA:47,6,0,0
BRDA:47,6,1,0
BRF:13
BRH:2
end_of_record
TN:
SF:src/helpers/email.ts
FN:11,(anonymous_8)
FN:11,(anonymous_9)
FNF:2
FNH:2
FNDA:2,(anonymous_8)
FNDA:2,(anonymous_9)
DA:1,3
DA:2,3
DA:11,3
DA:12,2
DA:13,2
DA:18,2
DA:26,0
DA:32,3
LF:8
LH:7
BRF:0
BRH:0
end_of_record
TN:
SF:src/helpers/scraping.ts
FN:11,(anonymous_14)
FN:11,(anonymous_15)
FNF:2
FNH:2
FNDA:6,(anonymous_14)
FNDA:6,(anonymous_15)
DA:1,3
DA:2,3
DA:11,6
DA:12,6
DA:13,6
DA:14,6
DA:15,6
DA:17,6
DA:20,6
DA:24,6
DA:27,6
DA:28,0
DA:31,6
DA:33,6
DA:34,2
DA:37,6
DA:44,0
DA:45,0
DA:49,3
LF:19
LH:16
BRDA:20,0,0,6
BRDA:20,0,1,2
BRDA:24,1,0,6
BRDA:24,1,1,6
BRDA:27,2,0,0
BRDA:27,3,0,6
BRDA:27,3,1,0
BRDA:28,4,0,0
BRDA:28,4,1,0
BRDA:33,5,0,2
BRDA:33,6,0,6
BRDA:33,6,1,6
BRDA:34,7,0,2
BRDA:34,7,1,0
BRF:14
BRH:9
end_of_record
TN:
SF:src/helpers/validation.ts
FN:5,(anonymous_8)
FN:6,(anonymous_9)
FNF:2
FNH:2
FNDA:15,(anonymous_8)
FNDA:5,(anonymous_9)
DA:1,3
DA:3,3
DA:5,3
DA:6,15
DA:7,5
DA:8,5
DA:9,4
DA:11,1
DA:12,1
DA:14,0
DA:15,0
DA:21,3
LF:12
LH:10
BRDA:11,0,0,1
BRF:1
BRH:1
end_of_record
TN:
SF:src/helpers/validator-schemas.ts
FNF:0
FNH:0
DA:1,3
DA:3,3
DA:7,3
DA:12,3
DA:20,3
DA:28,3
DA:33,3
DA:37,3
LF:8
LH:8
BRF:0
BRH:0
end_of_record
TN:
SF:src/routes/airtable.ts
FNF:0
FNH:0
DA:1,3
DA:2,3
DA:3,3
DA:4,3
DA:5,3
DA:7,3
DA:9,3
DA:13,3
LF:8
LH:8
BRF:0
BRH:0
end_of_record
TN:
SF:src/routes/tag.ts
FNF:0
FNH:0
DA:1,3
DA:2,3
DA:8,3
DA:10,3
DA:11,3
DA:12,3
DA:14,3
LF:7
LH:7
BRF:0
BRH:0
end_of_record
TN:
SF:src/routes/tool.ts
FNF:0
FNH:0
DA:1,3
DA:2,3
DA:11,3
DA:12,3
DA:13,3
DA:14,3
DA:15,3
DA:17,3
DA:19,3
DA:20,3
DA:21,3
DA:22,3
DA:23,3
DA:24,3
DA:25,3
DA:27,3
LF:16
LH:16
BRF:0
BRH:0
end_of_record
TN:
SF:src/routes/user.ts
FNF:0
FNH:0
DA:1,3
DA:2,3
DA:12,3
DA:13,3
DA:14,3
DA:15,3
DA:16,3
DA:18,3
DA:20,3
DA:21,3
DA:22,3
DA:23,3
DA:24,3
DA:25,3
DA:26,3
DA:27,3
DA:28,3
LF:17
LH:17
BRF:0
BRH:0
end_of_record
